[33m>>>[0m Running ebuild phase killold as root:root...
[33m>>>[0m Starting builtin_killold
[33m>>>[0m Done builtin_killold
[33m>>>[0m Completed ebuild phase killold
[33m>>>[0m Running ebuild phases init saveenv as paludisbuild:paludisbuild...
[33m>>>[0m Starting builtin_init
[33m>>>[0m Done builtin_init
[33m>>>[0m Starting builtin_saveenv
[33m>>>[0m Done builtin_saveenv
[33m>>>[0m Completed ebuild phases init saveenv
[33m>>>[0m Running ebuild phases loadenv setup saveenv as root:root...
[33m>>>[0m Starting builtin_loadenv
[33m>>>[0m Done builtin_loadenv
[33m>>>[0m Starting pkg_setup
[33m>>>[0m Done pkg_setup
[33m>>>[0m Starting builtin_saveenv
[33m>>>[0m Done builtin_saveenv
[33m>>>[0m Completed ebuild phases loadenv setup saveenv
[33m>>>[0m Running ebuild phases loadenv unpack saveenv as paludisbuild:paludisbuild...
[33m>>>[0m Starting builtin_loadenv
[33m>>>[0m Done builtin_loadenv
[33m>>>[0m Starting src_unpack
>>> Unpacking qlscribe-0.12.tar.gz to /var/tmp/paludis/app-cdr-qlscribe-0.12/work
tar zxf /var/paludis/distfiles/qlscribe-0.12.tar.gz --no-same-owner
[33m>>>[0m Done src_unpack
[33m>>>[0m Starting builtin_saveenv
[33m>>>[0m Done builtin_saveenv
[33m>>>[0m Completed ebuild phases loadenv unpack saveenv
[33m>>>[0m Running ebuild phases loadenv prepare saveenv as paludisbuild:paludisbuild...
[33m>>>[0m Starting builtin_loadenv
[33m>>>[0m Done builtin_loadenv
[33m>>>[0m Starting src_prepare
[33m>>>[0m Done src_prepare
[33m>>>[0m Starting builtin_saveenv
[33m>>>[0m Done builtin_saveenv
[33m>>>[0m Completed ebuild phases loadenv prepare saveenv
[33m>>>[0m Running ebuild phases loadenv configure saveenv as paludisbuild:paludisbuild...
[33m>>>[0m Starting builtin_loadenv
[33m>>>[0m Done builtin_loadenv
[33m>>>[0m Starting src_configure
>>> Working in BUILD_DIR: "/var/tmp/paludis/app-cdr-qlscribe-0.12/work/qlscribe-0.12_build"
cmake -C /var/tmp/paludis/app-cdr-qlscribe-0.12/temp//gentoo_common_config.cmake -DCMAKE_INSTALL_PREFIX=/usr -DDBUS_SYSTEM_POLICY_DIR=/etc/dbus-1/system.d -DDBUS_SYSTEM_SERVICE_DIR=/usr/share/dbus-1/services -DCMAKE_BUILD_TYPE=Gentoo -DCMAKE_INSTALL_DO_STRIP=OFF -DCMAKE_USER_MAKE_RULES_OVERRIDE=/var/tmp/paludis/app-cdr-qlscribe-0.12/temp//gentoo_rules.cmake /var/tmp/paludis/app-cdr-qlscribe-0.12/work/qlscribe-0.12
loading initial cache file /var/tmp/paludis/app-cdr-qlscribe-0.12/temp//gentoo_common_config.cmake
-- The C compiler identification is GNU
-- The CXX compiler identification is GNU
-- Check for working C compiler: /usr/lib64/ccache/bin/x86_64-pc-linux-gnu-gcc
-- Check for working C compiler: /usr/lib64/ccache/bin/x86_64-pc-linux-gnu-gcc -- works
-- Detecting C compiler ABI info
-- Detecting C compiler ABI info - done
-- Check for working CXX compiler: /usr/lib64/ccache/bin/x86_64-pc-linux-gnu-g++
-- Check for working CXX compiler: /usr/lib64/ccache/bin/x86_64-pc-linux-gnu-g++ -- works
-- Detecting CXX compiler ABI info
-- Detecting CXX compiler ABI info - done
-- <<< Gentoo configuration >>>
Build type: Gentoo
Install path: /usr

-- Looking for Q_WS_X11
-- Looking for Q_WS_X11 - found
-- Looking for Q_WS_WIN
-- Looking for Q_WS_WIN - not found.
-- Looking for Q_WS_QWS
-- Looking for Q_WS_QWS - not found.
-- Looking for Q_WS_MAC
-- Looking for Q_WS_MAC - not found.
-- Found Qt-Version 4.5.2
-- Found OpenSSL: /usr/lib64/libssl.so
-- Looking for _POSIX_TIMERS
-- Looking for _POSIX_TIMERS - found
-- Found dbus include: /usr/include/dbus-1.0
-- Found dbus libraries: /usr/lib32/libdbus-1.so
-- Found lighstcribe include: /usr/include/lightscribe
-- Found lighstcribe libraries: /opt/lightscribe/lib32/liblightscribe.so
-- Configuring done
-- Generating done
-- Build files have been written to: /var/tmp/paludis/app-cdr-qlscribe-0.12/work/qlscribe-0.12_build
[33m>>>[0m Done src_configure
[33m>>>[0m Starting builtin_saveenv
[33m>>>[0m Done builtin_saveenv
[33m>>>[0m Completed ebuild phases loadenv configure saveenv
[33m>>>[0m Running ebuild phases loadenv compile saveenv as paludisbuild:paludisbuild...
[33m>>>[0m Starting builtin_loadenv
[33m>>>[0m Done builtin_loadenv
107: old priority 0, new priority 19
15648
15649
15698
15700
ionice: ioprio_set failed: No such process
[33m>>>[0m Starting src_compile
>>> Working in BUILD_DIR: "/var/tmp/paludis/app-cdr-qlscribe-0.12/work/qlscribe-0.12_build"
make -j5
[  1%] [  3%] [  5%] [35m[1mScanning dependencies of target lscribed
[34m[1mGenerating lightscribe_interface.cpp, lightscribe_interface.h
[0m[34m[1mGenerating moc_mainwindow.cxx
[0m[34m[1mGenerating moc_qcdscene.cxx
[0m[0m[  7%] [  8%] [34m[1mGenerating moc_qdialogpixmap.cxx
[0m[ 10%] [32mBuilding CXX object lscribed/CMakeFiles/lscribed.dir/main.cpp.o
[0m[34m[1mGenerating moc_qdialogroundtext.cxx
[0m[ 12%] [32mBuilding CXX object lscribed/CMakeFiles/lscribed.dir/dbuscpp.cpp.o
[0m[ 14%] [32mBuilding CXX object lscribed/CMakeFiles/lscribed.dir/drives.cpp.o
[0m[ 15%] [ 17%] [34m[1mGenerating moc_qdialogtext.cxx
[0m[32mBuilding CXX object lscribed/CMakeFiles/lscribed.dir/managerhandler.cpp.o
[0m[ 19%] [34m[1mGenerating moc_qlightscribe.cxx
[0m[ 21%] In file included from /var/tmp/paludis/app-cdr-qlscribe-0.12/work/qlscribe-0.12/lscribed/dbuscpp.cpp:21:
/var/tmp/paludis/app-cdr-qlscribe-0.12/work/qlscribe-0.12/lscribed/dbuscpp.h:128: error: 'int32_t' has not been declared
/var/tmp/paludis/app-cdr-qlscribe-0.12/work/qlscribe-0.12/lscribed/dbuscpp.cpp:200: error: variable or field 'append' declared void
/var/tmp/paludis/app-cdr-qlscribe-0.12/work/qlscribe-0.12/lscribed/dbuscpp.cpp:200: error: 'int32_t' was not declared in this scope
make[2]: *** [lscribed/CMakeFiles/lscribed.dir/dbuscpp.cpp.o] Error 1
make[2]: [ 22%] *** Waiting for unfinished jobs....
[34m[1mGenerating moc_qdialogprint.cxx
[0m[34m[1mGenerating moc_qdialogprogress.cxx
[0m[ 24%] [ 26%] [ 28%] [34m[1mGenerating moc_qdialogcdproperties.cxx
[0m[34m[1mGenerating moc_qconsoleprintprogress.cxx
[0m[34m[1mGenerating moc_qdialogsettings.cxx
[0m[ 29%] [34m[1mGenerating qrc_qlscribe.cxx
[0m[ 31%] [34m[1mGenerating ui_qdialogtext.h
[0m[ 33%] [34m[1mGenerating ui_qdialogroundtext.h
[0m[ 35%] [34m[1mGenerating ui_qdialogpixmap.h
[0m[ 36%] [34m[1mGenerating ui_qdialogprint.h
[0m[ 38%] [34m[1mGenerating ui_qdialogprogress.h
[0m[ 40%] In file included from /var/tmp/paludis/app-cdr-qlscribe-0.12/work/qlscribe-0.12/lscribed/managerhandler.h:24,
                 from /var/tmp/paludis/app-cdr-qlscribe-0.12/work/qlscribe-0.12/lscribed/managerhandler.cpp:22:
/var/tmp/paludis/app-cdr-qlscribe-0.12/work/qlscribe-0.12/lscribed/dbuscpp.h:128: error: 'int32_t' has not been declared
[ 42%] [34m[1mGenerating ui_qdialogcdproperties.h
[0mIn file included from /var/tmp/paludis/app-cdr-qlscribe-0.12/work/qlscribe-0.12/lscribed/drives.h:27,
                 from /var/tmp/paludis/app-cdr-qlscribe-0.12/work/qlscribe-0.12/lscribed/drives.cpp:21:
/var/tmp/paludis/app-cdr-qlscribe-0.12/work/qlscribe-0.12/lscribed/dbuscpp.h:128: error: 'int32_t' has not been declared
make[2]: *** [lscribed/CMakeFiles/lscribed.dir/managerhandler.cpp.o] Error 1
[34m[1mGenerating ui_qdialogsettings.h
[0m[ 43%] [34m[1mGenerating lightscribe_interface.moc
[0m[35m[1mScanning dependencies of target qlscribe
/var/tmp/paludis/app-cdr-qlscribe-0.12/work/qlscribe-0.12/lscribed/drives.cpp: In member function 'void Drive::routine()':
/var/tmp/paludis/app-cdr-qlscribe-0.12/work/qlscribe-0.12/lscribed/drives.cpp:281: warning: comparison between signed and unsigned integer expressions
/usr/include/lightscribe/lightscribe_cxx.h: At global scope:
/usr/include/lightscribe/lightscribe_cxx.h:98: warning: 'std::string LightScribe::GetUpdateShellCommand()' defined but not used
make[2]: *** [lscribed/CMakeFiles/lscribed.dir/drives.cpp.o] Error 1
make[1]: *** [lscribed/CMakeFiles/lscribed.dir/all] Error 2
make[1]: *** Waiting for unfinished jobs....
[0m[ 45%] [ 47%] [ 49%] [ 50%] [32mBuilding CXX object src/CMakeFiles/qlscribe.dir/main.cpp.o
[0m[32mBuilding CXX object src/CMakeFiles/qlscribe.dir/mainwindow.cpp.o
[32mBuilding CXX object src/CMakeFiles/qlscribe.dir/qcdscene.cpp.o
[0m[0m[32mBuilding CXX object src/CMakeFiles/qlscribe.dir/qcdview.cpp.o
[0m[ 52%] [32mBuilding CXX object src/CMakeFiles/qlscribe.dir/qdialogpixmap.cpp.o
[0m[ 54%] [32mBuilding CXX object src/CMakeFiles/qlscribe.dir/qdialogroundtext.cpp.o
[0m[ 56%] [32mBuilding CXX object src/CMakeFiles/qlscribe.dir/qdialogtext.cpp.o
[0m[ 57%] [32mBuilding CXX object src/CMakeFiles/qlscribe.dir/qlightroundtextitem.cpp.o
[0m[ 59%] [32mBuilding CXX object src/CMakeFiles/qlscribe.dir/qlightscribe.cpp.o
[0m[ 61%] [32mBuilding CXX object src/CMakeFiles/qlscribe.dir/qshapefactory.cpp.o
[0m[ 63%] [32mBuilding CXX object src/CMakeFiles/qlscribe.dir/qlighttextitem.cpp.o
[0m[ 64%] [ 66%] [32mBuilding CXX object src/CMakeFiles/qlscribe.dir/qlightpixmapitem.cpp.o
[0m[32mBuilding CXX object src/CMakeFiles/qlscribe.dir/qdialogprint.cpp.o
[0m[ 68%] [32mBuilding CXX object src/CMakeFiles/qlscribe.dir/qdialogprogress.cpp.o
[0m[ 70%] [32mBuilding CXX object src/CMakeFiles/qlscribe.dir/qdialogcdproperties.cpp.o
[0m[ 71%] [32mBuilding CXX object src/CMakeFiles/qlscribe.dir/qconsoleprintprogress.cpp.o
[0m[ 73%] [32mBuilding CXX object src/CMakeFiles/qlscribe.dir/qdialogsettings.cpp.o
[0m[ 75%] [32mBuilding CXX object src/CMakeFiles/qlscribe.dir/moc_mainwindow.cxx.o
[0m[ 77%] [32mBuilding CXX object src/CMakeFiles/qlscribe.dir/moc_qcdscene.cxx.o
[0m[ 78%] [ 80%] [32mBuilding CXX object src/CMakeFiles/qlscribe.dir/moc_qdialogpixmap.cxx.o
[0m[32mBuilding CXX object src/CMakeFiles/qlscribe.dir/moc_qdialogroundtext.cxx.o
[0m[ 82%] [32mBuilding CXX object src/CMakeFiles/qlscribe.dir/moc_qdialogtext.cxx.o
[0m[ 84%] [32mBuilding CXX object src/CMakeFiles/qlscribe.dir/moc_qlightscribe.cxx.o
[0m[ 85%] [32mBuilding CXX object src/CMakeFiles/qlscribe.dir/moc_qdialogprint.cxx.o
[0m[ 87%] [32mBuilding CXX object src/CMakeFiles/qlscribe.dir/moc_qdialogprogress.cxx.o
[0m[ 89%] [32mBuilding CXX object src/CMakeFiles/qlscribe.dir/moc_qdialogcdproperties.cxx.o
[0m[ 91%] [32mBuilding CXX object src/CMakeFiles/qlscribe.dir/moc_qconsoleprintprogress.cxx.o
[0m[ 92%] [32mBuilding CXX object src/CMakeFiles/qlscribe.dir/moc_qdialogsettings.cxx.o
[0m[ 94%] [32mBuilding CXX object src/CMakeFiles/qlscribe.dir/qrc_qlscribe.cxx.o
[0m[ 96%] [32mBuilding CXX object src/CMakeFiles/qlscribe.dir/lightscribe_interface.cpp.o
[0m[31m[1mLinking CXX executable qlscribe
[0m[ 96%] Built target qlscribe
make: *** [all] Error 2
/usr/libexec/paludis/utils/emake: emake returned error 2

!!! ERROR in app-cdr/qlscribe-0.12:
!!! In cmake-utils_src_make at line 1359
!!! Make failed!

!!! Call stack:
!!!    * cmake-utils_src_make (/var/tmp/paludis/app-cdr-qlscribe-0.12/temp/loadsaveenv:1359)
!!!    * cmake-utils_src_compile (/var/tmp/paludis/app-cdr-qlscribe-0.12/temp/loadsaveenv:1279)
!!!    * src_compile (/var/tmp/paludis/app-cdr-qlscribe-0.12/temp/loadsaveenv:4838)
!!!    * ebuild_f_compile (/usr/libexec/paludis/2/src_compile.bash:56)
!!!    * ebuild_main (/usr/libexec/paludis/ebuild.bash:575)
!!!    * main (/usr/libexec/paludis/ebuild.bash:591)

diefunc: making ebuild PID 15649 exit with error
die trap: exiting with error.

Install error:
  * In program paludis (--log-level warning --resume-command-template /tmp/paludis-resume-XXXXXX --continue-on-failure if-satisfied --dl-reinstall-scm weekly --dl-reinstall if-use-changed --dl-installed-deps-pre try-post) -i app-cdr/qlscribe:
  * When performing install action from command line:
  * When executing install task:
  * When installing 'app-cdr/qlscribe-0.12:0::local_portage':
  * When running an ebuild command on 'app-cdr/qlscribe-0.12:0::local_portage':
  * Install error: Install failed for 'app-cdr/qlscribe-0.12:0::local_portage'


