***** irssi-mod-fish-0.99-fPIC.patch *****

==========================================

PATCH COMMAND:	 patch -p0 -g0 -E --no-backup-if-mismatch < /usr/portage/local/layman/bryan-portage/net-irc/irssi-mod-fish/files/irssi-mod-fish-0.99-fPIC.patch

==========================================
patching file Makefile
patch: **** malformed patch at line 8: .so

==========================================

PATCH COMMAND:	 patch -p1 -g0 -E --no-backup-if-mismatch < /usr/portage/local/layman/bryan-portage/net-irc/irssi-mod-fish/files/irssi-mod-fish-0.99-fPIC.patch

==========================================
missing header for unified diff at line 3 of patch
can't find file to patch at input line 3
Perhaps you used the wrong -p or --strip option?
The text leading up to this was:
--------------------------
|--- Makefile
|+++ Makefile
--------------------------
No file to patch.  Skipping patch.
patch: **** malformed patch at line 8: .so

==========================================

PATCH COMMAND:	 patch -p2 -g0 -E --no-backup-if-mismatch < /usr/portage/local/layman/bryan-portage/net-irc/irssi-mod-fish/files/irssi-mod-fish-0.99-fPIC.patch

==========================================
missing header for unified diff at line 3 of patch
can't find file to patch at input line 3
Perhaps you used the wrong -p or --strip option?
The text leading up to this was:
--------------------------
|--- Makefile
|+++ Makefile
--------------------------
No file to patch.  Skipping patch.
patch: **** malformed patch at line 8: .so

==========================================

PATCH COMMAND:	 patch -p3 -g0 -E --no-backup-if-mismatch < /usr/portage/local/layman/bryan-portage/net-irc/irssi-mod-fish/files/irssi-mod-fish-0.99-fPIC.patch

==========================================
missing header for unified diff at line 3 of patch
can't find file to patch at input line 3
Perhaps you used the wrong -p or --strip option?
The text leading up to this was:
--------------------------
|--- Makefile
|+++ Makefile
--------------------------
No file to patch.  Skipping patch.
patch: **** malformed patch at line 8: .so

==========================================

PATCH COMMAND:	 patch -p4 -g0 -E --no-backup-if-mismatch < /usr/portage/local/layman/bryan-portage/net-irc/irssi-mod-fish/files/irssi-mod-fish-0.99-fPIC.patch

==========================================
missing header for unified diff at line 3 of patch
can't find file to patch at input line 3
Perhaps you used the wrong -p or --strip option?
The text leading up to this was:
--------------------------
|--- Makefile
|+++ Makefile
--------------------------
No file to patch.  Skipping patch.
patch: **** malformed patch at line 8: .so

