[32;01m>>>[0m Running ebuild phase killold as root:root...
[32;01m>>>[0m Starting builtin_killold
[32;01m>>>[0m Done builtin_killold
[32;01m>>>[0m Completed ebuild phase killold
[32;01m>>>[0m Running ebuild phases init saveenv as paludisbuild:paludisbuild...
[32;01m>>>[0m Starting builtin_init
[32;01m>>>[0m Done builtin_init
[32;01m>>>[0m Starting builtin_saveenv
[32;01m>>>[0m Done builtin_saveenv
[32;01m>>>[0m Completed ebuild phases init saveenv
--- No need to do anything for setup phase
[32;01m>>>[0m Running ebuild phases loadenv unpack saveenv as paludisbuild:paludisbuild...
[32;01m>>>[0m Starting builtin_loadenv
[32;01m>>>[0m Done builtin_loadenv
[32;01m>>>[0m Starting src_unpack
>>> Unpacking ocropus-0.4.tar.gz to /var/tmp/paludis/app-text-ocropus-0.4/work
tar zxf /usr/portage/distfiles/ocropus-0.4.tar.gz --no-same-owner
 [32;01m*[0m Applying genAM.py.patch ...
[A[73G [34;01m[ [32;01mok[34;01m ][0m
 [32;01m*[0m Running eautoreconf in '/var/tmp/paludis/app-text-ocropus-0.4/work/ocropus-0.4' ...
 [32;01m*[0m Running aclocal ...
[A[73G [34;01m[ [32;01mok[34;01m ][0m
 [32;01m*[0m Running autoconf ...
[A[73G [34;01m[ [32;01mok[34;01m ][0m
 [32;01m*[0m Running automake --add-missing --copy --foreign ...
[A[73G [34;01m[ [32;01mok[34;01m ][0m
[32;01m>>>[0m Done src_unpack
[32;01m>>>[0m Starting builtin_saveenv
[32;01m>>>[0m Done builtin_saveenv
[32;01m>>>[0m Completed ebuild phases loadenv unpack saveenv
[32;01m>>>[0m Running ebuild phases loadenv compile saveenv as paludisbuild:paludisbuild...
[32;01m>>>[0m Starting builtin_loadenv
[32;01m>>>[0m Done builtin_loadenv
[32;01m>>>[0m Starting src_compile
./configure --prefix=/usr --host=x86_64-pc-linux-gnu --mandir=/usr/share/man --infodir=/usr/share/info --datadir=/usr/share --sysconfdir=/etc --localstatedir=/var/lib --libdir=/usr/lib64 --with-tesseract=/usr --with-iulib=/usr --without-fst --with-aspell --with-SDL --without-leptonica --build=x86_64-pc-linux-gnu
configure: WARNING: unrecognized options: --with-aspell
checking for a BSD-compatible install... /usr/bin/install -c
checking whether build environment is sane... yes
checking for a thread-safe mkdir -p... /bin/mkdir -p
checking for gawk... gawk
checking whether make sets $(MAKE)... yes
checking for /usr/include/tesseract/baseapi.h... yes
checking for /usr/include/iulib/imgio.h... yes
checking for x86_64-pc-linux-gnu-g++... x86_64-pc-linux-gnu-g++
checking for C++ compiler default output file name... a.out
checking whether the C++ compiler works... yes
checking whether we are cross compiling... no
checking for suffix of executables... 
checking for suffix of object files... o
checking whether we are using the GNU C++ compiler... yes
checking whether x86_64-pc-linux-gnu-g++ accepts -g... yes
checking for style of include used by make... GNU
checking dependency style of x86_64-pc-linux-gnu-g++... gcc3
checking for x86_64-pc-linux-gnu-gcc... x86_64-pc-linux-gnu-gcc
checking whether we are using the GNU C compiler... yes
checking whether x86_64-pc-linux-gnu-gcc accepts -g... yes
checking for x86_64-pc-linux-gnu-gcc option to accept ISO C89... none needed
checking dependency style of x86_64-pc-linux-gnu-gcc... gcc3
checking for x86_64-pc-linux-gnu-ranlib... x86_64-pc-linux-gnu-ranlib
checking how to run the C preprocessor... x86_64-pc-linux-gnu-gcc -E
checking for grep that handles long lines and -e... /bin/grep
checking for egrep... /bin/grep -E
checking for ANSI C header files... yes
checking for sys/wait.h that is POSIX.1 compatible... yes
checking for sys/types.h... yes
checking for sys/stat.h... yes
checking for stdlib.h... yes
checking for string.h... yes
checking for memory.h... yes
checking for strings.h... yes
checking for inttypes.h... yes
checking for stdint.h... yes
checking for unistd.h... yes
checking float.h usability... yes
checking float.h presence... yes
checking for float.h... yes
checking malloc.h usability... yes
checking malloc.h presence... yes
checking for malloc.h... yes
checking for stdint.h... (cached) yes
checking for stdlib.h... (cached) yes
checking for string.h... (cached) yes
checking for unistd.h... (cached) yes
checking wchar.h usability... yes
checking wchar.h presence... yes
checking for wchar.h... yes
checking for unistd.h... (cached) yes
checking for compress in -lz... yes
checking png.h usability... yes
checking png.h presence... yes
checking for png.h... yes
checking for png_sig_cmp in -lpng... yes
checking jpeglib.h usability... yes
checking jpeglib.h presence... yes
checking for jpeglib.h... yes
checking for jpeg_std_error in -ljpeg... yes
checking for TIFFOpen in -ltiff... yes
checking for exit in -liulib... yes
checking for pthread_create in -lpthread... yes
checking for err_exit in -ltesseract_full... yes
checking for abort in -lgslcblas... yes
checking for gsl_error in -lgsl... yes
checking for exit in -lblas... no
checking for SDL_Init in -lSDL... yes
checking for rotozoomSurface in -lSDL_gfx... no
checking for GOMP_parallel_start in -lgomp... yes
checking for int64_t... yes
checking for pid_t... yes
checking vfork.h usability... no
checking vfork.h presence... no
checking for vfork.h... no
checking for fork... yes
checking for vfork... yes
checking for working fork... yes
checking for working vfork... (cached) yes
checking for dup2... yes
checking for memset... yes
checking for sqrt... yes
checking for strchr... yes
checking for strdup... yes
checking for strrchr... yes
configure: creating ./config.status
config.status: creating Makefile
config.status: executing depfiles commands
configure: WARNING: unrecognized options: --with-aspell

OK! You can build and install OCRopus the usual way:

    make
    sudo make install


To recognize something, you can use

    ocroscript recognize data/pages/alice_1.png

make -j1
Making all in .
make[1]: Entering directory `/var/tmp/paludis/app-text-ocropus-0.4/work/ocropus-0.4'
x86_64-pc-linux-gnu-g++ -DPACKAGE_NAME=\"ocropus\" -DPACKAGE_TARNAME=\"ocropus\" -DPACKAGE_VERSION=\"0.3\" -DPACKAGE_STRING=\"ocropus\ 0.3\" -DPACKAGE_BUGREPORT=\"\" -DPACKAGE=\"ocropus\" -DVERSION=\"0.3\" -DSTDC_HEADERS=1 -DHAVE_SYS_WAIT_H=1 -DHAVE_SYS_TYPES_H=1 -DHAVE_SYS_STAT_H=1 -DHAVE_STDLIB_H=1 -DHAVE_STRING_H=1 -DHAVE_MEMORY_H=1 -DHAVE_STRINGS_H=1 -DHAVE_INTTYPES_H=1 -DHAVE_STDINT_H=1 -DHAVE_UNISTD_H=1 -DHAVE_FLOAT_H=1 -DHAVE_MALLOC_H=1 -DHAVE_STDINT_H=1 -DHAVE_STDLIB_H=1 -DHAVE_STRING_H=1 -DHAVE_UNISTD_H=1 -DHAVE_WCHAR_H=1 -DHAVE_LIBZ=1 -DHAVE_LIBPNG=1 -DHAVE_LIBJPEG=1 -DHAVE_LIBTIFF=1 -DHAVE_LIBIULIB=1 -DHAVE_LIBPTHREAD=1 -DHAVE_LIBTESSERACT_FULL=1 -DHAVE_LIBGSLCBLAS=1 -DHAVE_LIBGSL=1 -DHAVE_LIBSDL=1 -DHAVE_LIBGOMP=1 -DHAVE_FORK=1 -DHAVE_VFORK=1 -DHAVE_WORKING_VFORK=1 -DHAVE_WORKING_FORK=1 -DHAVE_DUP2=1 -DHAVE_MEMSET=1 -DHAVE_SQRT=1 -DHAVE_STRCHR=1 -DHAVE_STRDUP=1 -DHAVE_STRRCHR=1 -I.  -I./include -I./ocr-utils -I/usr/include -I/usr/include/tesseract  -I/usr/include/tesseract -DHAVE_TESSERACT   -march=native -O2 -pipe -ggdb -fopenmp -Wall -Wno-sign-compare -Wno-write-strings -Wno-deprecated -march=native -O2 -pipe -ggdb -fopenmp -MT ocr-binarize-otsu.o -MD -MP -MF .deps/ocr-binarize-otsu.Tpo -c -o ocr-binarize-otsu.o `test -f './ocr-binarize/ocr-binarize-otsu.cc' || echo './'`./ocr-binarize/ocr-binarize-otsu.cc
mv -f .deps/ocr-binarize-otsu.Tpo .deps/ocr-binarize-otsu.Po
x86_64-pc-linux-gnu-g++ -DPACKAGE_NAME=\"ocropus\" -DPACKAGE_TARNAME=\"ocropus\" -DPACKAGE_VERSION=\"0.3\" -DPACKAGE_STRING=\"ocropus\ 0.3\" -DPACKAGE_BUGREPORT=\"\" -DPACKAGE=\"ocropus\" -DVERSION=\"0.3\" -DSTDC_HEADERS=1 -DHAVE_SYS_WAIT_H=1 -DHAVE_SYS_TYPES_H=1 -DHAVE_SYS_STAT_H=1 -DHAVE_STDLIB_H=1 -DHAVE_STRING_H=1 -DHAVE_MEMORY_H=1 -DHAVE_STRINGS_H=1 -DHAVE_INTTYPES_H=1 -DHAVE_STDINT_H=1 -DHAVE_UNISTD_H=1 -DHAVE_FLOAT_H=1 -DHAVE_MALLOC_H=1 -DHAVE_STDINT_H=1 -DHAVE_STDLIB_H=1 -DHAVE_STRING_H=1 -DHAVE_UNISTD_H=1 -DHAVE_WCHAR_H=1 -DHAVE_LIBZ=1 -DHAVE_LIBPNG=1 -DHAVE_LIBJPEG=1 -DHAVE_LIBTIFF=1 -DHAVE_LIBIULIB=1 -DHAVE_LIBPTHREAD=1 -DHAVE_LIBTESSERACT_FULL=1 -DHAVE_LIBGSLCBLAS=1 -DHAVE_LIBGSL=1 -DHAVE_LIBSDL=1 -DHAVE_LIBGOMP=1 -DHAVE_FORK=1 -DHAVE_VFORK=1 -DHAVE_WORKING_VFORK=1 -DHAVE_WORKING_FORK=1 -DHAVE_DUP2=1 -DHAVE_MEMSET=1 -DHAVE_SQRT=1 -DHAVE_STRCHR=1 -DHAVE_STRDUP=1 -DHAVE_STRRCHR=1 -I.  -I./include -I./ocr-utils -I/usr/include -I/usr/include/tesseract  -I/usr/include/tesseract -DHAVE_TESSERACT   -march=native -O2 -pipe -ggdb -fopenmp -Wall -Wno-sign-compare -Wno-write-strings -Wno-deprecated -march=native -O2 -pipe -ggdb -fopenmp -MT ocr-binarize-range.o -MD -MP -MF .deps/ocr-binarize-range.Tpo -c -o ocr-binarize-range.o `test -f './ocr-binarize/ocr-binarize-range.cc' || echo './'`./ocr-binarize/ocr-binarize-range.cc
mv -f .deps/ocr-binarize-range.Tpo .deps/ocr-binarize-range.Po
x86_64-pc-linux-gnu-g++ -DPACKAGE_NAME=\"ocropus\" -DPACKAGE_TARNAME=\"ocropus\" -DPACKAGE_VERSION=\"0.3\" -DPACKAGE_STRING=\"ocropus\ 0.3\" -DPACKAGE_BUGREPORT=\"\" -DPACKAGE=\"ocropus\" -DVERSION=\"0.3\" -DSTDC_HEADERS=1 -DHAVE_SYS_WAIT_H=1 -DHAVE_SYS_TYPES_H=1 -DHAVE_SYS_STAT_H=1 -DHAVE_STDLIB_H=1 -DHAVE_STRING_H=1 -DHAVE_MEMORY_H=1 -DHAVE_STRINGS_H=1 -DHAVE_INTTYPES_H=1 -DHAVE_STDINT_H=1 -DHAVE_UNISTD_H=1 -DHAVE_FLOAT_H=1 -DHAVE_MALLOC_H=1 -DHAVE_STDINT_H=1 -DHAVE_STDLIB_H=1 -DHAVE_STRING_H=1 -DHAVE_UNISTD_H=1 -DHAVE_WCHAR_H=1 -DHAVE_LIBZ=1 -DHAVE_LIBPNG=1 -DHAVE_LIBJPEG=1 -DHAVE_LIBTIFF=1 -DHAVE_LIBIULIB=1 -DHAVE_LIBPTHREAD=1 -DHAVE_LIBTESSERACT_FULL=1 -DHAVE_LIBGSLCBLAS=1 -DHAVE_LIBGSL=1 -DHAVE_LIBSDL=1 -DHAVE_LIBGOMP=1 -DHAVE_FORK=1 -DHAVE_VFORK=1 -DHAVE_WORKING_VFORK=1 -DHAVE_WORKING_FORK=1 -DHAVE_DUP2=1 -DHAVE_MEMSET=1 -DHAVE_SQRT=1 -DHAVE_STRCHR=1 -DHAVE_STRDUP=1 -DHAVE_STRRCHR=1 -I.  -I./include -I./ocr-utils -I/usr/include -I/usr/include/tesseract  -I/usr/include/tesseract -DHAVE_TESSERACT   -march=native -O2 -pipe -ggdb -fopenmp -Wall -Wno-sign-compare -Wno-write-strings -Wno-deprecated -march=native -O2 -pipe -ggdb -fopenmp -MT ocr-binarize-sauvola.o -MD -MP -MF .deps/ocr-binarize-sauvola.Tpo -c -o ocr-binarize-sauvola.o `test -f './ocr-binarize/ocr-binarize-sauvola.cc' || echo './'`./ocr-binarize/ocr-binarize-sauvola.cc
mv -f .deps/ocr-binarize-sauvola.Tpo .deps/ocr-binarize-sauvola.Po
x86_64-pc-linux-gnu-g++ -DPACKAGE_NAME=\"ocropus\" -DPACKAGE_TARNAME=\"ocropus\" -DPACKAGE_VERSION=\"0.3\" -DPACKAGE_STRING=\"ocropus\ 0.3\" -DPACKAGE_BUGREPORT=\"\" -DPACKAGE=\"ocropus\" -DVERSION=\"0.3\" -DSTDC_HEADERS=1 -DHAVE_SYS_WAIT_H=1 -DHAVE_SYS_TYPES_H=1 -DHAVE_SYS_STAT_H=1 -DHAVE_STDLIB_H=1 -DHAVE_STRING_H=1 -DHAVE_MEMORY_H=1 -DHAVE_STRINGS_H=1 -DHAVE_INTTYPES_H=1 -DHAVE_STDINT_H=1 -DHAVE_UNISTD_H=1 -DHAVE_FLOAT_H=1 -DHAVE_MALLOC_H=1 -DHAVE_STDINT_H=1 -DHAVE_STDLIB_H=1 -DHAVE_STRING_H=1 -DHAVE_UNISTD_H=1 -DHAVE_WCHAR_H=1 -DHAVE_LIBZ=1 -DHAVE_LIBPNG=1 -DHAVE_LIBJPEG=1 -DHAVE_LIBTIFF=1 -DHAVE_LIBIULIB=1 -DHAVE_LIBPTHREAD=1 -DHAVE_LIBTESSERACT_FULL=1 -DHAVE_LIBGSLCBLAS=1 -DHAVE_LIBGSL=1 -DHAVE_LIBSDL=1 -DHAVE_LIBGOMP=1 -DHAVE_FORK=1 -DHAVE_VFORK=1 -DHAVE_WORKING_VFORK=1 -DHAVE_WORKING_FORK=1 -DHAVE_DUP2=1 -DHAVE_MEMSET=1 -DHAVE_SQRT=1 -DHAVE_STRCHR=1 -DHAVE_STRDUP=1 -DHAVE_STRRCHR=1 -I.  -I./include -I./ocr-utils -I/usr/include -I/usr/include/tesseract  -I/usr/include/tesseract -DHAVE_TESSERACT   -march=native -O2 -pipe -ggdb -fopenmp -Wall -Wno-sign-compare -Wno-write-strings -Wno-deprecated -march=native -O2 -pipe -ggdb -fopenmp -MT ocr-text-image-seg-leptonica.o -MD -MP -MF .deps/ocr-text-image-seg-leptonica.Tpo -c -o ocr-text-image-seg-leptonica.o `test -f './ocr-leptonica/ocr-text-image-seg-leptonica.cc' || echo './'`./ocr-leptonica/ocr-text-image-seg-leptonica.cc
mv -f .deps/ocr-text-image-seg-leptonica.Tpo .deps/ocr-text-image-seg-leptonica.Po
x86_64-pc-linux-gnu-g++ -DPACKAGE_NAME=\"ocropus\" -DPACKAGE_TARNAME=\"ocropus\" -DPACKAGE_VERSION=\"0.3\" -DPACKAGE_STRING=\"ocropus\ 0.3\" -DPACKAGE_BUGREPORT=\"\" -DPACKAGE=\"ocropus\" -DVERSION=\"0.3\" -DSTDC_HEADERS=1 -DHAVE_SYS_WAIT_H=1 -DHAVE_SYS_TYPES_H=1 -DHAVE_SYS_STAT_H=1 -DHAVE_STDLIB_H=1 -DHAVE_STRING_H=1 -DHAVE_MEMORY_H=1 -DHAVE_STRINGS_H=1 -DHAVE_INTTYPES_H=1 -DHAVE_STDINT_H=1 -DHAVE_UNISTD_H=1 -DHAVE_FLOAT_H=1 -DHAVE_MALLOC_H=1 -DHAVE_STDINT_H=1 -DHAVE_STDLIB_H=1 -DHAVE_STRING_H=1 -DHAVE_UNISTD_H=1 -DHAVE_WCHAR_H=1 -DHAVE_LIBZ=1 -DHAVE_LIBPNG=1 -DHAVE_LIBJPEG=1 -DHAVE_LIBTIFF=1 -DHAVE_LIBIULIB=1 -DHAVE_LIBPTHREAD=1 -DHAVE_LIBTESSERACT_FULL=1 -DHAVE_LIBGSLCBLAS=1 -DHAVE_LIBGSL=1 -DHAVE_LIBSDL=1 -DHAVE_LIBGOMP=1 -DHAVE_FORK=1 -DHAVE_VFORK=1 -DHAVE_WORKING_VFORK=1 -DHAVE_WORKING_FORK=1 -DHAVE_DUP2=1 -DHAVE_MEMSET=1 -DHAVE_SQRT=1 -DHAVE_STRCHR=1 -DHAVE_STRDUP=1 -DHAVE_STRRCHR=1 -I.  -I./include -I./ocr-utils -I/usr/include -I/usr/include/tesseract  -I/usr/include/tesseract -DHAVE_TESSERACT   -march=native -O2 -pipe -ggdb -fopenmp -Wall -Wno-sign-compare -Wno-write-strings -Wno-deprecated -march=native -O2 -pipe -ggdb -fopenmp -MT voronoi-pageseg.o -MD -MP -MF .deps/voronoi-pageseg.Tpo -c -o voronoi-pageseg.o `test -f './ocr-voronoi/voronoi-pageseg.cc' || echo './'`./ocr-voronoi/voronoi-pageseg.cc
mv -f .deps/voronoi-pageseg.Tpo .deps/voronoi-pageseg.Po
x86_64-pc-linux-gnu-g++ -DPACKAGE_NAME=\"ocropus\" -DPACKAGE_TARNAME=\"ocropus\" -DPACKAGE_VERSION=\"0.3\" -DPACKAGE_STRING=\"ocropus\ 0.3\" -DPACKAGE_BUGREPORT=\"\" -DPACKAGE=\"ocropus\" -DVERSION=\"0.3\" -DSTDC_HEADERS=1 -DHAVE_SYS_WAIT_H=1 -DHAVE_SYS_TYPES_H=1 -DHAVE_SYS_STAT_H=1 -DHAVE_STDLIB_H=1 -DHAVE_STRING_H=1 -DHAVE_MEMORY_H=1 -DHAVE_STRINGS_H=1 -DHAVE_INTTYPES_H=1 -DHAVE_STDINT_H=1 -DHAVE_UNISTD_H=1 -DHAVE_FLOAT_H=1 -DHAVE_MALLOC_H=1 -DHAVE_STDINT_H=1 -DHAVE_STDLIB_H=1 -DHAVE_STRING_H=1 -DHAVE_UNISTD_H=1 -DHAVE_WCHAR_H=1 -DHAVE_LIBZ=1 -DHAVE_LIBPNG=1 -DHAVE_LIBJPEG=1 -DHAVE_LIBTIFF=1 -DHAVE_LIBIULIB=1 -DHAVE_LIBPTHREAD=1 -DHAVE_LIBTESSERACT_FULL=1 -DHAVE_LIBGSLCBLAS=1 -DHAVE_LIBGSL=1 -DHAVE_LIBSDL=1 -DHAVE_LIBGOMP=1 -DHAVE_FORK=1 -DHAVE_VFORK=1 -DHAVE_WORKING_VFORK=1 -DHAVE_WORKING_FORK=1 -DHAVE_DUP2=1 -DHAVE_MEMSET=1 -DHAVE_SQRT=1 -DHAVE_STRCHR=1 -DHAVE_STRDUP=1 -DHAVE_STRRCHR=1 -I.  -I./include -I./ocr-utils -I/usr/include -I/usr/include/tesseract  -I/usr/include/tesseract -DHAVE_TESSERACT   -march=native -O2 -pipe -ggdb -fopenmp -Wall -Wno-sign-compare -Wno-write-strings -Wno-deprecated -march=native -O2 -pipe -ggdb -fopenmp -MT voronoi.o -MD -MP -MF .deps/voronoi.Tpo -c -o voronoi.o `test -f './ocr-voronoi/voronoi.cc' || echo './'`./ocr-voronoi/voronoi.cc
mv -f .deps/voronoi.Tpo .deps/voronoi.Po
x86_64-pc-linux-gnu-g++ -DPACKAGE_NAME=\"ocropus\" -DPACKAGE_TARNAME=\"ocropus\" -DPACKAGE_VERSION=\"0.3\" -DPACKAGE_STRING=\"ocropus\ 0.3\" -DPACKAGE_BUGREPORT=\"\" -DPACKAGE=\"ocropus\" -DVERSION=\"0.3\" -DSTDC_HEADERS=1 -DHAVE_SYS_WAIT_H=1 -DHAVE_SYS_TYPES_H=1 -DHAVE_SYS_STAT_H=1 -DHAVE_STDLIB_H=1 -DHAVE_STRING_H=1 -DHAVE_MEMORY_H=1 -DHAVE_STRINGS_H=1 -DHAVE_INTTYPES_H=1 -DHAVE_STDINT_H=1 -DHAVE_UNISTD_H=1 -DHAVE_FLOAT_H=1 -DHAVE_MALLOC_H=1 -DHAVE_STDINT_H=1 -DHAVE_STDLIB_H=1 -DHAVE_STRING_H=1 -DHAVE_UNISTD_H=1 -DHAVE_WCHAR_H=1 -DHAVE_LIBZ=1 -DHAVE_LIBPNG=1 -DHAVE_LIBJPEG=1 -DHAVE_LIBTIFF=1 -DHAVE_LIBIULIB=1 -DHAVE_LIBPTHREAD=1 -DHAVE_LIBTESSERACT_FULL=1 -DHAVE_LIBGSLCBLAS=1 -DHAVE_LIBGSL=1 -DHAVE_LIBSDL=1 -DHAVE_LIBGOMP=1 -DHAVE_FORK=1 -DHAVE_VFORK=1 -DHAVE_WORKING_VFORK=1 -DHAVE_WORKING_FORK=1 -DHAVE_DUP2=1 -DHAVE_MEMSET=1 -DHAVE_SQRT=1 -DHAVE_STRCHR=1 -DHAVE_STRDUP=1 -DHAVE_STRRCHR=1 -I.  -I./include -I./ocr-utils -I/usr/include -I/usr/include/tesseract  -I/usr/include/tesseract -DHAVE_TESSERACT   -march=native -O2 -pipe -ggdb -fopenmp -Wall -Wno-sign-compare -Wno-write-strings -Wno-deprecated -march=native -O2 -pipe -ggdb -fopenmp -MT dinfo.o -MD -MP -MF .deps/dinfo.Tpo -c -o dinfo.o `test -f './ocr-voronoi/dinfo.cc' || echo './'`./ocr-voronoi/dinfo.cc
mv -f .deps/dinfo.Tpo .deps/dinfo.Po
x86_64-pc-linux-gnu-g++ -DPACKAGE_NAME=\"ocropus\" -DPACKAGE_TARNAME=\"ocropus\" -DPACKAGE_VERSION=\"0.3\" -DPACKAGE_STRING=\"ocropus\ 0.3\" -DPACKAGE_BUGREPORT=\"\" -DPACKAGE=\"ocropus\" -DVERSION=\"0.3\" -DSTDC_HEADERS=1 -DHAVE_SYS_WAIT_H=1 -DHAVE_SYS_TYPES_H=1 -DHAVE_SYS_STAT_H=1 -DHAVE_STDLIB_H=1 -DHAVE_STRING_H=1 -DHAVE_MEMORY_H=1 -DHAVE_STRINGS_H=1 -DHAVE_INTTYPES_H=1 -DHAVE_STDINT_H=1 -DHAVE_UNISTD_H=1 -DHAVE_FLOAT_H=1 -DHAVE_MALLOC_H=1 -DHAVE_STDINT_H=1 -DHAVE_STDLIB_H=1 -DHAVE_STRING_H=1 -DHAVE_UNISTD_H=1 -DHAVE_WCHAR_H=1 -DHAVE_LIBZ=1 -DHAVE_LIBPNG=1 -DHAVE_LIBJPEG=1 -DHAVE_LIBTIFF=1 -DHAVE_LIBIULIB=1 -DHAVE_LIBPTHREAD=1 -DHAVE_LIBTESSERACT_FULL=1 -DHAVE_LIBGSLCBLAS=1 -DHAVE_LIBGSL=1 -DHAVE_LIBSDL=1 -DHAVE_LIBGOMP=1 -DHAVE_FORK=1 -DHAVE_VFORK=1 -DHAVE_WORKING_VFORK=1 -DHAVE_WORKING_FORK=1 -DHAVE_DUP2=1 -DHAVE_MEMSET=1 -DHAVE_SQRT=1 -DHAVE_STRCHR=1 -DHAVE_STRDUP=1 -DHAVE_STRRCHR=1 -I.  -I./include -I./ocr-utils -I/usr/include -I/usr/include/tesseract  -I/usr/include/tesseract -DHAVE_TESSERACT   -march=native -O2 -pipe -ggdb -fopenmp -Wall -Wno-sign-compare -Wno-write-strings -Wno-deprecated -march=native -O2 -pipe -ggdb -fopenmp -MT edgelist.o -MD -MP -MF .deps/edgelist.Tpo -c -o edgelist.o `test -f './ocr-voronoi/edgelist.cc' || echo './'`./ocr-voronoi/edgelist.cc
mv -f .deps/edgelist.Tpo .deps/edgelist.Po
x86_64-pc-linux-gnu-g++ -DPACKAGE_NAME=\"ocropus\" -DPACKAGE_TARNAME=\"ocropus\" -DPACKAGE_VERSION=\"0.3\" -DPACKAGE_STRING=\"ocropus\ 0.3\" -DPACKAGE_BUGREPORT=\"\" -DPACKAGE=\"ocropus\" -DVERSION=\"0.3\" -DSTDC_HEADERS=1 -DHAVE_SYS_WAIT_H=1 -DHAVE_SYS_TYPES_H=1 -DHAVE_SYS_STAT_H=1 -DHAVE_STDLIB_H=1 -DHAVE_STRING_H=1 -DHAVE_MEMORY_H=1 -DHAVE_STRINGS_H=1 -DHAVE_INTTYPES_H=1 -DHAVE_STDINT_H=1 -DHAVE_UNISTD_H=1 -DHAVE_FLOAT_H=1 -DHAVE_MALLOC_H=1 -DHAVE_STDINT_H=1 -DHAVE_STDLIB_H=1 -DHAVE_STRING_H=1 -DHAVE_UNISTD_H=1 -DHAVE_WCHAR_H=1 -DHAVE_LIBZ=1 -DHAVE_LIBPNG=1 -DHAVE_LIBJPEG=1 -DHAVE_LIBTIFF=1 -DHAVE_LIBIULIB=1 -DHAVE_LIBPTHREAD=1 -DHAVE_LIBTESSERACT_FULL=1 -DHAVE_LIBGSLCBLAS=1 -DHAVE_LIBGSL=1 -DHAVE_LIBSDL=1 -DHAVE_LIBGOMP=1 -DHAVE_FORK=1 -DHAVE_VFORK=1 -DHAVE_WORKING_VFORK=1 -DHAVE_WORKING_FORK=1 -DHAVE_DUP2=1 -DHAVE_MEMSET=1 -DHAVE_SQRT=1 -DHAVE_STRCHR=1 -DHAVE_STRDUP=1 -DHAVE_STRRCHR=1 -I.  -I./include -I./ocr-utils -I/usr/include -I/usr/include/tesseract  -I/usr/include/tesseract -DHAVE_TESSERACT   -march=native -O2 -pipe -ggdb -fopenmp -Wall -Wno-sign-compare -Wno-write-strings -Wno-deprecated -march=native -O2 -pipe -ggdb -fopenmp -MT sites.o -MD -MP -MF .deps/sites.Tpo -c -o sites.o `test -f './ocr-voronoi/sites.cc' || echo './'`./ocr-voronoi/sites.cc
mv -f .deps/sites.Tpo .deps/sites.Po
x86_64-pc-linux-gnu-g++ -DPACKAGE_NAME=\"ocropus\" -DPACKAGE_TARNAME=\"ocropus\" -DPACKAGE_VERSION=\"0.3\" -DPACKAGE_STRING=\"ocropus\ 0.3\" -DPACKAGE_BUGREPORT=\"\" -DPACKAGE=\"ocropus\" -DVERSION=\"0.3\" -DSTDC_HEADERS=1 -DHAVE_SYS_WAIT_H=1 -DHAVE_SYS_TYPES_H=1 -DHAVE_SYS_STAT_H=1 -DHAVE_STDLIB_H=1 -DHAVE_STRING_H=1 -DHAVE_MEMORY_H=1 -DHAVE_STRINGS_H=1 -DHAVE_INTTYPES_H=1 -DHAVE_STDINT_H=1 -DHAVE_UNISTD_H=1 -DHAVE_FLOAT_H=1 -DHAVE_MALLOC_H=1 -DHAVE_STDINT_H=1 -DHAVE_STDLIB_H=1 -DHAVE_STRING_H=1 -DHAVE_UNISTD_H=1 -DHAVE_WCHAR_H=1 -DHAVE_LIBZ=1 -DHAVE_LIBPNG=1 -DHAVE_LIBJPEG=1 -DHAVE_LIBTIFF=1 -DHAVE_LIBIULIB=1 -DHAVE_LIBPTHREAD=1 -DHAVE_LIBTESSERACT_FULL=1 -DHAVE_LIBGSLCBLAS=1 -DHAVE_LIBGSL=1 -DHAVE_LIBSDL=1 -DHAVE_LIBGOMP=1 -DHAVE_FORK=1 -DHAVE_VFORK=1 -DHAVE_WORKING_VFORK=1 -DHAVE_WORKING_FORK=1 -DHAVE_DUP2=1 -DHAVE_MEMSET=1 -DHAVE_SQRT=1 -DHAVE_STRCHR=1 -DHAVE_STRDUP=1 -DHAVE_STRRCHR=1 -I.  -I./include -I./ocr-utils -I/usr/include -I/usr/include/tesseract  -I/usr/include/tesseract -DHAVE_TESSERACT   -march=native -O2 -pipe -ggdb -fopenmp -Wall -Wno-sign-compare -Wno-write-strings -Wno-deprecated -march=native -O2 -pipe -ggdb -fopenmp -MT bit_func.o -MD -MP -MF .deps/bit_func.Tpo -c -o bit_func.o `test -f './ocr-voronoi/bit_func.cc' || echo './'`./ocr-voronoi/bit_func.cc
mv -f .deps/bit_func.Tpo .deps/bit_func.Po
x86_64-pc-linux-gnu-g++ -DPACKAGE_NAME=\"ocropus\" -DPACKAGE_TARNAME=\"ocropus\" -DPACKAGE_VERSION=\"0.3\" -DPACKAGE_STRING=\"ocropus\ 0.3\" -DPACKAGE_BUGREPORT=\"\" -DPACKAGE=\"ocropus\" -DVERSION=\"0.3\" -DSTDC_HEADERS=1 -DHAVE_SYS_WAIT_H=1 -DHAVE_SYS_TYPES_H=1 -DHAVE_SYS_STAT_H=1 -DHAVE_STDLIB_H=1 -DHAVE_STRING_H=1 -DHAVE_MEMORY_H=1 -DHAVE_STRINGS_H=1 -DHAVE_INTTYPES_H=1 -DHAVE_STDINT_H=1 -DHAVE_UNISTD_H=1 -DHAVE_FLOAT_H=1 -DHAVE_MALLOC_H=1 -DHAVE_STDINT_H=1 -DHAVE_STDLIB_H=1 -DHAVE_STRING_H=1 -DHAVE_UNISTD_H=1 -DHAVE_WCHAR_H=1 -DHAVE_LIBZ=1 -DHAVE_LIBPNG=1 -DHAVE_LIBJPEG=1 -DHAVE_LIBTIFF=1 -DHAVE_LIBIULIB=1 -DHAVE_LIBPTHREAD=1 -DHAVE_LIBTESSERACT_FULL=1 -DHAVE_LIBGSLCBLAS=1 -DHAVE_LIBGSL=1 -DHAVE_LIBSDL=1 -DHAVE_LIBGOMP=1 -DHAVE_FORK=1 -DHAVE_VFORK=1 -DHAVE_WORKING_VFORK=1 -DHAVE_WORKING_FORK=1 -DHAVE_DUP2=1 -DHAVE_MEMSET=1 -DHAVE_SQRT=1 -DHAVE_STRCHR=1 -DHAVE_STRDUP=1 -DHAVE_STRRCHR=1 -I.  -I./include -I./ocr-utils -I/usr/include -I/usr/include/tesseract  -I/usr/include/tesseract -DHAVE_TESSERACT   -march=native -O2 -pipe -ggdb -fopenmp -Wall -Wno-sign-compare -Wno-write-strings -Wno-deprecated -march=native -O2 -pipe -ggdb -fopenmp -MT geometry.o -MD -MP -MF .deps/geometry.Tpo -c -o geometry.o `test -f './ocr-voronoi/geometry.cc' || echo './'`./ocr-voronoi/geometry.cc
mv -f .deps/geometry.Tpo .deps/geometry.Po
x86_64-pc-linux-gnu-g++ -DPACKAGE_NAME=\"ocropus\" -DPACKAGE_TARNAME=\"ocropus\" -DPACKAGE_VERSION=\"0.3\" -DPACKAGE_STRING=\"ocropus\ 0.3\" -DPACKAGE_BUGREPORT=\"\" -DPACKAGE=\"ocropus\" -DVERSION=\"0.3\" -DSTDC_HEADERS=1 -DHAVE_SYS_WAIT_H=1 -DHAVE_SYS_TYPES_H=1 -DHAVE_SYS_STAT_H=1 -DHAVE_STDLIB_H=1 -DHAVE_STRING_H=1 -DHAVE_MEMORY_H=1 -DHAVE_STRINGS_H=1 -DHAVE_INTTYPES_H=1 -DHAVE_STDINT_H=1 -DHAVE_UNISTD_H=1 -DHAVE_FLOAT_H=1 -DHAVE_MALLOC_H=1 -DHAVE_STDINT_H=1 -DHAVE_STDLIB_H=1 -DHAVE_STRING_H=1 -DHAVE_UNISTD_H=1 -DHAVE_WCHAR_H=1 -DHAVE_LIBZ=1 -DHAVE_LIBPNG=1 -DHAVE_LIBJPEG=1 -DHAVE_LIBTIFF=1 -DHAVE_LIBIULIB=1 -DHAVE_LIBPTHREAD=1 -DHAVE_LIBTESSERACT_FULL=1 -DHAVE_LIBGSLCBLAS=1 -DHAVE_LIBGSL=1 -DHAVE_LIBSDL=1 -DHAVE_LIBGOMP=1 -DHAVE_FORK=1 -DHAVE_VFORK=1 -DHAVE_WORKING_VFORK=1 -DHAVE_WORKING_FORK=1 -DHAVE_DUP2=1 -DHAVE_MEMSET=1 -DHAVE_SQRT=1 -DHAVE_STRCHR=1 -DHAVE_STRDUP=1 -DHAVE_STRRCHR=1 -I.  -I./include -I./ocr-utils -I/usr/include -I/usr/include/tesseract  -I/usr/include/tesseract -DHAVE_TESSERACT   -march=native -O2 -pipe -ggdb -fopenmp -Wall -Wno-sign-compare -Wno-write-strings -Wno-deprecated -march=native -O2 -pipe -ggdb -fopenmp -MT img_to_site.o -MD -MP -MF .deps/img_to_site.Tpo -c -o img_to_site.o `test -f './ocr-voronoi/img_to_site.cc' || echo './'`./ocr-voronoi/img_to_site.cc
mv -f .deps/img_to_site.Tpo .deps/img_to_site.Po
x86_64-pc-linux-gnu-g++ -DPACKAGE_NAME=\"ocropus\" -DPACKAGE_TARNAME=\"ocropus\" -DPACKAGE_VERSION=\"0.3\" -DPACKAGE_STRING=\"ocropus\ 0.3\" -DPACKAGE_BUGREPORT=\"\" -DPACKAGE=\"ocropus\" -DVERSION=\"0.3\" -DSTDC_HEADERS=1 -DHAVE_SYS_WAIT_H=1 -DHAVE_SYS_TYPES_H=1 -DHAVE_SYS_STAT_H=1 -DHAVE_STDLIB_H=1 -DHAVE_STRING_H=1 -DHAVE_MEMORY_H=1 -DHAVE_STRINGS_H=1 -DHAVE_INTTYPES_H=1 -DHAVE_STDINT_H=1 -DHAVE_UNISTD_H=1 -DHAVE_FLOAT_H=1 -DHAVE_MALLOC_H=1 -DHAVE_STDINT_H=1 -DHAVE_STDLIB_H=1 -DHAVE_STRING_H=1 -DHAVE_UNISTD_H=1 -DHAVE_WCHAR_H=1 -DHAVE_LIBZ=1 -DHAVE_LIBPNG=1 -DHAVE_LIBJPEG=1 -DHAVE_LIBTIFF=1 -DHAVE_LIBIULIB=1 -DHAVE_LIBPTHREAD=1 -DHAVE_LIBTESSERACT_FULL=1 -DHAVE_LIBGSLCBLAS=1 -DHAVE_LIBGSL=1 -DHAVE_LIBSDL=1 -DHAVE_LIBGOMP=1 -DHAVE_FORK=1 -DHAVE_VFORK=1 -DHAVE_WORKING_VFORK=1 -DHAVE_WORKING_FORK=1 -DHAVE_DUP2=1 -DHAVE_MEMSET=1 -DHAVE_SQRT=1 -DHAVE_STRCHR=1 -DHAVE_STRDUP=1 -DHAVE_STRRCHR=1 -I.  -I./include -I./ocr-utils -I/usr/include -I/usr/include/tesseract  -I/usr/include/tesseract -DHAVE_TESSERACT   -march=native -O2 -pipe -ggdb -fopenmp -Wall -Wno-sign-compare -Wno-write-strings -Wno-deprecated -march=native -O2 -pipe -ggdb -fopenmp -MT draw_line.o -MD -MP -MF .deps/draw_line.Tpo -c -o draw_line.o `test -f './ocr-voronoi/draw_line.cc' || echo './'`./ocr-voronoi/draw_line.cc
mv -f .deps/draw_line.Tpo .deps/draw_line.Po
x86_64-pc-linux-gnu-g++ -DPACKAGE_NAME=\"ocropus\" -DPACKAGE_TARNAME=\"ocropus\" -DPACKAGE_VERSION=\"0.3\" -DPACKAGE_STRING=\"ocropus\ 0.3\" -DPACKAGE_BUGREPORT=\"\" -DPACKAGE=\"ocropus\" -DVERSION=\"0.3\" -DSTDC_HEADERS=1 -DHAVE_SYS_WAIT_H=1 -DHAVE_SYS_TYPES_H=1 -DHAVE_SYS_STAT_H=1 -DHAVE_STDLIB_H=1 -DHAVE_STRING_H=1 -DHAVE_MEMORY_H=1 -DHAVE_STRINGS_H=1 -DHAVE_INTTYPES_H=1 -DHAVE_STDINT_H=1 -DHAVE_UNISTD_H=1 -DHAVE_FLOAT_H=1 -DHAVE_MALLOC_H=1 -DHAVE_STDINT_H=1 -DHAVE_STDLIB_H=1 -DHAVE_STRING_H=1 -DHAVE_UNISTD_H=1 -DHAVE_WCHAR_H=1 -DHAVE_LIBZ=1 -DHAVE_LIBPNG=1 -DHAVE_LIBJPEG=1 -DHAVE_LIBTIFF=1 -DHAVE_LIBIULIB=1 -DHAVE_LIBPTHREAD=1 -DHAVE_LIBTESSERACT_FULL=1 -DHAVE_LIBGSLCBLAS=1 -DHAVE_LIBGSL=1 -DHAVE_LIBSDL=1 -DHAVE_LIBGOMP=1 -DHAVE_FORK=1 -DHAVE_VFORK=1 -DHAVE_WORKING_VFORK=1 -DHAVE_WORKING_FORK=1 -DHAVE_DUP2=1 -DHAVE_MEMSET=1 -DHAVE_SQRT=1 -DHAVE_STRCHR=1 -DHAVE_STRDUP=1 -DHAVE_STRRCHR=1 -I.  -I./include -I./ocr-utils -I/usr/include -I/usr/include/tesseract  -I/usr/include/tesseract -DHAVE_TESSERACT   -march=native -O2 -pipe -ggdb -fopenmp -Wall -Wno-sign-compare -Wno-write-strings -Wno-deprecated -march=native -O2 -pipe -ggdb -fopenmp -MT hash.o -MD -MP -MF .deps/hash.Tpo -c -o hash.o `test -f './ocr-voronoi/hash.cc' || echo './'`./ocr-voronoi/hash.cc
mv -f .deps/hash.Tpo .deps/hash.Po
x86_64-pc-linux-gnu-g++ -DPACKAGE_NAME=\"ocropus\" -DPACKAGE_TARNAME=\"ocropus\" -DPACKAGE_VERSION=\"0.3\" -DPACKAGE_STRING=\"ocropus\ 0.3\" -DPACKAGE_BUGREPORT=\"\" -DPACKAGE=\"ocropus\" -DVERSION=\"0.3\" -DSTDC_HEADERS=1 -DHAVE_SYS_WAIT_H=1 -DHAVE_SYS_TYPES_H=1 -DHAVE_SYS_STAT_H=1 -DHAVE_STDLIB_H=1 -DHAVE_STRING_H=1 -DHAVE_MEMORY_H=1 -DHAVE_STRINGS_H=1 -DHAVE_INTTYPES_H=1 -DHAVE_STDINT_H=1 -DHAVE_UNISTD_H=1 -DHAVE_FLOAT_H=1 -DHAVE_MALLOC_H=1 -DHAVE_STDINT_H=1 -DHAVE_STDLIB_H=1 -DHAVE_STRING_H=1 -DHAVE_UNISTD_H=1 -DHAVE_WCHAR_H=1 -DHAVE_LIBZ=1 -DHAVE_LIBPNG=1 -DHAVE_LIBJPEG=1 -DHAVE_LIBTIFF=1 -DHAVE_LIBIULIB=1 -DHAVE_LIBPTHREAD=1 -DHAVE_LIBTESSERACT_FULL=1 -DHAVE_LIBGSLCBLAS=1 -DHAVE_LIBGSL=1 -DHAVE_LIBSDL=1 -DHAVE_LIBGOMP=1 -DHAVE_FORK=1 -DHAVE_VFORK=1 -DHAVE_WORKING_VFORK=1 -DHAVE_WORKING_FORK=1 -DHAVE_DUP2=1 -DHAVE_MEMSET=1 -DHAVE_SQRT=1 -DHAVE_STRCHR=1 -DHAVE_STRDUP=1 -DHAVE_STRRCHR=1 -I.  -I./include -I./ocr-utils -I/usr/include -I/usr/include/tesseract  -I/usr/include/tesseract -DHAVE_TESSERACT   -march=native -O2 -pipe -ggdb -fopenmp -Wall -Wno-sign-compare -Wno-write-strings -Wno-deprecated -march=native -O2 -pipe -ggdb -fopenmp -MT heap.o -MD -MP -MF .deps/heap.Tpo -c -o heap.o `test -f './ocr-voronoi/heap.cc' || echo './'`./ocr-voronoi/heap.cc
mv -f .deps/heap.Tpo .deps/heap.Po
x86_64-pc-linux-gnu-g++ -DPACKAGE_NAME=\"ocropus\" -DPACKAGE_TARNAME=\"ocropus\" -DPACKAGE_VERSION=\"0.3\" -DPACKAGE_STRING=\"ocropus\ 0.3\" -DPACKAGE_BUGREPORT=\"\" -DPACKAGE=\"ocropus\" -DVERSION=\"0.3\" -DSTDC_HEADERS=1 -DHAVE_SYS_WAIT_H=1 -DHAVE_SYS_TYPES_H=1 -DHAVE_SYS_STAT_H=1 -DHAVE_STDLIB_H=1 -DHAVE_STRING_H=1 -DHAVE_MEMORY_H=1 -DHAVE_STRINGS_H=1 -DHAVE_INTTYPES_H=1 -DHAVE_STDINT_H=1 -DHAVE_UNISTD_H=1 -DHAVE_FLOAT_H=1 -DHAVE_MALLOC_H=1 -DHAVE_STDINT_H=1 -DHAVE_STDLIB_H=1 -DHAVE_STRING_H=1 -DHAVE_UNISTD_H=1 -DHAVE_WCHAR_H=1 -DHAVE_LIBZ=1 -DHAVE_LIBPNG=1 -DHAVE_LIBJPEG=1 -DHAVE_LIBTIFF=1 -DHAVE_LIBIULIB=1 -DHAVE_LIBPTHREAD=1 -DHAVE_LIBTESSERACT_FULL=1 -DHAVE_LIBGSLCBLAS=1 -DHAVE_LIBGSL=1 -DHAVE_LIBSDL=1 -DHAVE_LIBGOMP=1 -DHAVE_FORK=1 -DHAVE_VFORK=1 -DHAVE_WORKING_VFORK=1 -DHAVE_WORKING_FORK=1 -DHAVE_DUP2=1 -DHAVE_MEMSET=1 -DHAVE_SQRT=1 -DHAVE_STRCHR=1 -DHAVE_STRDUP=1 -DHAVE_STRRCHR=1 -I.  -I./include -I./ocr-utils -I/usr/include -I/usr/include/tesseract  -I/usr/include/tesseract -DHAVE_TESSERACT   -march=native -O2 -pipe -ggdb -fopenmp -Wall -Wno-sign-compare -Wno-write-strings -Wno-deprecated -march=native -O2 -pipe -ggdb -fopenmp -MT label_func.o -MD -MP -MF .deps/label_func.Tpo -c -o label_func.o `test -f './ocr-voronoi/label_func.cc' || echo './'`./ocr-voronoi/label_func.cc
mv -f .deps/label_func.Tpo .deps/label_func.Po
x86_64-pc-linux-gnu-g++ -DPACKAGE_NAME=\"ocropus\" -DPACKAGE_TARNAME=\"ocropus\" -DPACKAGE_VERSION=\"0.3\" -DPACKAGE_STRING=\"ocropus\ 0.3\" -DPACKAGE_BUGREPORT=\"\" -DPACKAGE=\"ocropus\" -DVERSION=\"0.3\" -DSTDC_HEADERS=1 -DHAVE_SYS_WAIT_H=1 -DHAVE_SYS_TYPES_H=1 -DHAVE_SYS_STAT_H=1 -DHAVE_STDLIB_H=1 -DHAVE_STRING_H=1 -DHAVE_MEMORY_H=1 -DHAVE_STRINGS_H=1 -DHAVE_INTTYPES_H=1 -DHAVE_STDINT_H=1 -DHAVE_UNISTD_H=1 -DHAVE_FLOAT_H=1 -DHAVE_MALLOC_H=1 -DHAVE_STDINT_H=1 -DHAVE_STDLIB_H=1 -DHAVE_STRING_H=1 -DHAVE_UNISTD_H=1 -DHAVE_WCHAR_H=1 -DHAVE_LIBZ=1 -DHAVE_LIBPNG=1 -DHAVE_LIBJPEG=1 -DHAVE_LIBTIFF=1 -DHAVE_LIBIULIB=1 -DHAVE_LIBPTHREAD=1 -DHAVE_LIBTESSERACT_FULL=1 -DHAVE_LIBGSLCBLAS=1 -DHAVE_LIBGSL=1 -DHAVE_LIBSDL=1 -DHAVE_LIBGOMP=1 -DHAVE_FORK=1 -DHAVE_VFORK=1 -DHAVE_WORKING_VFORK=1 -DHAVE_WORKING_FORK=1 -DHAVE_DUP2=1 -DHAVE_MEMSET=1 -DHAVE_SQRT=1 -DHAVE_STRCHR=1 -DHAVE_STRDUP=1 -DHAVE_STRRCHR=1 -I.  -I./include -I./ocr-utils -I/usr/include -I/usr/include/tesseract  -I/usr/include/tesseract -DHAVE_TESSERACT   -march=native -O2 -pipe -ggdb -fopenmp -Wall -Wno-sign-compare -Wno-write-strings -Wno-deprecated -march=native -O2 -pipe -ggdb -fopenmp -MT usage.o -MD -MP -MF .deps/usage.Tpo -c -o usage.o `test -f './ocr-voronoi/usage.cc' || echo './'`./ocr-voronoi/usage.cc
mv -f .deps/usage.Tpo .deps/usage.Po
x86_64-pc-linux-gnu-g++ -DPACKAGE_NAME=\"ocropus\" -DPACKAGE_TARNAME=\"ocropus\" -DPACKAGE_VERSION=\"0.3\" -DPACKAGE_STRING=\"ocropus\ 0.3\" -DPACKAGE_BUGREPORT=\"\" -DPACKAGE=\"ocropus\" -DVERSION=\"0.3\" -DSTDC_HEADERS=1 -DHAVE_SYS_WAIT_H=1 -DHAVE_SYS_TYPES_H=1 -DHAVE_SYS_STAT_H=1 -DHAVE_STDLIB_H=1 -DHAVE_STRING_H=1 -DHAVE_MEMORY_H=1 -DHAVE_STRINGS_H=1 -DHAVE_INTTYPES_H=1 -DHAVE_STDINT_H=1 -DHAVE_UNISTD_H=1 -DHAVE_FLOAT_H=1 -DHAVE_MALLOC_H=1 -DHAVE_STDINT_H=1 -DHAVE_STDLIB_H=1 -DHAVE_STRING_H=1 -DHAVE_UNISTD_H=1 -DHAVE_WCHAR_H=1 -DHAVE_LIBZ=1 -DHAVE_LIBPNG=1 -DHAVE_LIBJPEG=1 -DHAVE_LIBTIFF=1 -DHAVE_LIBIULIB=1 -DHAVE_LIBPTHREAD=1 -DHAVE_LIBTESSERACT_FULL=1 -DHAVE_LIBGSLCBLAS=1 -DHAVE_LIBGSL=1 -DHAVE_LIBSDL=1 -DHAVE_LIBGOMP=1 -DHAVE_FORK=1 -DHAVE_VFORK=1 -DHAVE_WORKING_VFORK=1 -DHAVE_WORKING_FORK=1 -DHAVE_DUP2=1 -DHAVE_MEMSET=1 -DHAVE_SQRT=1 -DHAVE_STRCHR=1 -DHAVE_STRDUP=1 -DHAVE_STRRCHR=1 -I.  -I./include -I./ocr-utils -I/usr/include -I/usr/include/tesseract  -I/usr/include/tesseract -DHAVE_TESSERACT   -march=native -O2 -pipe -ggdb -fopenmp -Wall -Wno-sign-compare -Wno-write-strings -Wno-deprecated -march=native -O2 -pipe -ggdb -fopenmp -MT output.o -MD -MP -MF .deps/output.Tpo -c -o output.o `test -f './ocr-voronoi/output.cc' || echo './'`./ocr-voronoi/output.cc
mv -f .deps/output.Tpo .deps/output.Po
x86_64-pc-linux-gnu-g++ -DPACKAGE_NAME=\"ocropus\" -DPACKAGE_TARNAME=\"ocropus\" -DPACKAGE_VERSION=\"0.3\" -DPACKAGE_STRING=\"ocropus\ 0.3\" -DPACKAGE_BUGREPORT=\"\" -DPACKAGE=\"ocropus\" -DVERSION=\"0.3\" -DSTDC_HEADERS=1 -DHAVE_SYS_WAIT_H=1 -DHAVE_SYS_TYPES_H=1 -DHAVE_SYS_STAT_H=1 -DHAVE_STDLIB_H=1 -DHAVE_STRING_H=1 -DHAVE_MEMORY_H=1 -DHAVE_STRINGS_H=1 -DHAVE_INTTYPES_H=1 -DHAVE_STDINT_H=1 -DHAVE_UNISTD_H=1 -DHAVE_FLOAT_H=1 -DHAVE_MALLOC_H=1 -DHAVE_STDINT_H=1 -DHAVE_STDLIB_H=1 -DHAVE_STRING_H=1 -DHAVE_UNISTD_H=1 -DHAVE_WCHAR_H=1 -DHAVE_LIBZ=1 -DHAVE_LIBPNG=1 -DHAVE_LIBJPEG=1 -DHAVE_LIBTIFF=1 -DHAVE_LIBIULIB=1 -DHAVE_LIBPTHREAD=1 -DHAVE_LIBTESSERACT_FULL=1 -DHAVE_LIBGSLCBLAS=1 -DHAVE_LIBGSL=1 -DHAVE_LIBSDL=1 -DHAVE_LIBGOMP=1 -DHAVE_FORK=1 -DHAVE_VFORK=1 -DHAVE_WORKING_VFORK=1 -DHAVE_WORKING_FORK=1 -DHAVE_DUP2=1 -DHAVE_MEMSET=1 -DHAVE_SQRT=1 -DHAVE_STRCHR=1 -DHAVE_STRDUP=1 -DHAVE_STRRCHR=1 -I.  -I./include -I./ocr-utils -I/usr/include -I/usr/include/tesseract  -I/usr/include/tesseract -DHAVE_TESSERACT   -march=native -O2 -pipe -ggdb -fopenmp -Wall -Wno-sign-compare -Wno-write-strings -Wno-deprecated -march=native -O2 -pipe -ggdb -fopenmp -MT read_image.o -MD -MP -MF .deps/read_image.Tpo -c -o read_image.o `test -f './ocr-voronoi/read_image.cc' || echo './'`./ocr-voronoi/read_image.cc
mv -f .deps/read_image.Tpo .deps/read_image.Po
x86_64-pc-linux-gnu-g++ -DPACKAGE_NAME=\"ocropus\" -DPACKAGE_TARNAME=\"ocropus\" -DPACKAGE_VERSION=\"0.3\" -DPACKAGE_STRING=\"ocropus\ 0.3\" -DPACKAGE_BUGREPORT=\"\" -DPACKAGE=\"ocropus\" -DVERSION=\"0.3\" -DSTDC_HEADERS=1 -DHAVE_SYS_WAIT_H=1 -DHAVE_SYS_TYPES_H=1 -DHAVE_SYS_STAT_H=1 -DHAVE_STDLIB_H=1 -DHAVE_STRING_H=1 -DHAVE_MEMORY_H=1 -DHAVE_STRINGS_H=1 -DHAVE_INTTYPES_H=1 -DHAVE_STDINT_H=1 -DHAVE_UNISTD_H=1 -DHAVE_FLOAT_H=1 -DHAVE_MALLOC_H=1 -DHAVE_STDINT_H=1 -DHAVE_STDLIB_H=1 -DHAVE_STRING_H=1 -DHAVE_UNISTD_H=1 -DHAVE_WCHAR_H=1 -DHAVE_LIBZ=1 -DHAVE_LIBPNG=1 -DHAVE_LIBJPEG=1 -DHAVE_LIBTIFF=1 -DHAVE_LIBIULIB=1 -DHAVE_LIBPTHREAD=1 -DHAVE_LIBTESSERACT_FULL=1 -DHAVE_LIBGSLCBLAS=1 -DHAVE_LIBGSL=1 -DHAVE_LIBSDL=1 -DHAVE_LIBGOMP=1 -DHAVE_FORK=1 -DHAVE_VFORK=1 -DHAVE_WORKING_VFORK=1 -DHAVE_WORKING_FORK=1 -DHAVE_DUP2=1 -DHAVE_MEMSET=1 -DHAVE_SQRT=1 -DHAVE_STRCHR=1 -DHAVE_STRDUP=1 -DHAVE_STRRCHR=1 -I.  -I./include -I./ocr-utils -I/usr/include -I/usr/include/tesseract  -I/usr/include/tesseract -DHAVE_TESSERACT   -march=native -O2 -pipe -ggdb -fopenmp -Wall -Wno-sign-compare -Wno-write-strings -Wno-deprecated -march=native -O2 -pipe -ggdb -fopenmp -MT memory.o -MD -MP -MF .deps/memory.Tpo -c -o memory.o `test -f './ocr-voronoi/memory.cc' || echo './'`./ocr-voronoi/memory.cc
mv -f .deps/memory.Tpo .deps/memory.Po
x86_64-pc-linux-gnu-g++ -DPACKAGE_NAME=\"ocropus\" -DPACKAGE_TARNAME=\"ocropus\" -DPACKAGE_VERSION=\"0.3\" -DPACKAGE_STRING=\"ocropus\ 0.3\" -DPACKAGE_BUGREPORT=\"\" -DPACKAGE=\"ocropus\" -DVERSION=\"0.3\" -DSTDC_HEADERS=1 -DHAVE_SYS_WAIT_H=1 -DHAVE_SYS_TYPES_H=1 -DHAVE_SYS_STAT_H=1 -DHAVE_STDLIB_H=1 -DHAVE_STRING_H=1 -DHAVE_MEMORY_H=1 -DHAVE_STRINGS_H=1 -DHAVE_INTTYPES_H=1 -DHAVE_STDINT_H=1 -DHAVE_UNISTD_H=1 -DHAVE_FLOAT_H=1 -DHAVE_MALLOC_H=1 -DHAVE_STDINT_H=1 -DHAVE_STDLIB_H=1 -DHAVE_STRING_H=1 -DHAVE_UNISTD_H=1 -DHAVE_WCHAR_H=1 -DHAVE_LIBZ=1 -DHAVE_LIBPNG=1 -DHAVE_LIBJPEG=1 -DHAVE_LIBTIFF=1 -DHAVE_LIBIULIB=1 -DHAVE_LIBPTHREAD=1 -DHAVE_LIBTESSERACT_FULL=1 -DHAVE_LIBGSLCBLAS=1 -DHAVE_LIBGSL=1 -DHAVE_LIBSDL=1 -DHAVE_LIBGOMP=1 -DHAVE_FORK=1 -DHAVE_VFORK=1 -DHAVE_WORKING_VFORK=1 -DHAVE_WORKING_FORK=1 -DHAVE_DUP2=1 -DHAVE_MEMSET=1 -DHAVE_SQRT=1 -DHAVE_STRCHR=1 -DHAVE_STRDUP=1 -DHAVE_STRRCHR=1 -I.  -I./include -I./ocr-utils -I/usr/include -I/usr/include/tesseract  -I/usr/include/tesseract -DHAVE_TESSERACT   -march=native -O2 -pipe -ggdb -fopenmp -Wall -Wno-sign-compare -Wno-write-strings -Wno-deprecated -march=native -O2 -pipe -ggdb -fopenmp -MT erase.o -MD -MP -MF .deps/erase.Tpo -c -o erase.o `test -f './ocr-voronoi/erase.cc' || echo './'`./ocr-voronoi/erase.cc
mv -f .deps/erase.Tpo .deps/erase.Po
x86_64-pc-linux-gnu-g++ -DPACKAGE_NAME=\"ocropus\" -DPACKAGE_TARNAME=\"ocropus\" -DPACKAGE_VERSION=\"0.3\" -DPACKAGE_STRING=\"ocropus\ 0.3\" -DPACKAGE_BUGREPORT=\"\" -DPACKAGE=\"ocropus\" -DVERSION=\"0.3\" -DSTDC_HEADERS=1 -DHAVE_SYS_WAIT_H=1 -DHAVE_SYS_TYPES_H=1 -DHAVE_SYS_STAT_H=1 -DHAVE_STDLIB_H=1 -DHAVE_STRING_H=1 -DHAVE_MEMORY_H=1 -DHAVE_STRINGS_H=1 -DHAVE_INTTYPES_H=1 -DHAVE_STDINT_H=1 -DHAVE_UNISTD_H=1 -DHAVE_FLOAT_H=1 -DHAVE_MALLOC_H=1 -DHAVE_STDINT_H=1 -DHAVE_STDLIB_H=1 -DHAVE_STRING_H=1 -DHAVE_UNISTD_H=1 -DHAVE_WCHAR_H=1 -DHAVE_LIBZ=1 -DHAVE_LIBPNG=1 -DHAVE_LIBJPEG=1 -DHAVE_LIBTIFF=1 -DHAVE_LIBIULIB=1 -DHAVE_LIBPTHREAD=1 -DHAVE_LIBTESSERACT_FULL=1 -DHAVE_LIBGSLCBLAS=1 -DHAVE_LIBGSL=1 -DHAVE_LIBSDL=1 -DHAVE_LIBGOMP=1 -DHAVE_FORK=1 -DHAVE_VFORK=1 -DHAVE_WORKING_VFORK=1 -DHAVE_WORKING_FORK=1 -DHAVE_DUP2=1 -DHAVE_MEMSET=1 -DHAVE_SQRT=1 -DHAVE_STRCHR=1 -DHAVE_STRDUP=1 -DHAVE_STRRCHR=1 -I.  -I./include -I./ocr-utils -I/usr/include -I/usr/include/tesseract  -I/usr/include/tesseract -DHAVE_TESSERACT   -march=native -O2 -pipe -ggdb -fopenmp -Wall -Wno-sign-compare -Wno-write-strings -Wno-deprecated -march=native -O2 -pipe -ggdb -fopenmp -MT cline.o -MD -MP -MF .deps/cline.Tpo -c -o cline.o `test -f './ocr-voronoi/cline.cc' || echo './'`./ocr-voronoi/cline.cc
mv -f .deps/cline.Tpo .deps/cline.Po
x86_64-pc-linux-gnu-g++ -DPACKAGE_NAME=\"ocropus\" -DPACKAGE_TARNAME=\"ocropus\" -DPACKAGE_VERSION=\"0.3\" -DPACKAGE_STRING=\"ocropus\ 0.3\" -DPACKAGE_BUGREPORT=\"\" -DPACKAGE=\"ocropus\" -DVERSION=\"0.3\" -DSTDC_HEADERS=1 -DHAVE_SYS_WAIT_H=1 -DHAVE_SYS_TYPES_H=1 -DHAVE_SYS_STAT_H=1 -DHAVE_STDLIB_H=1 -DHAVE_STRING_H=1 -DHAVE_MEMORY_H=1 -DHAVE_STRINGS_H=1 -DHAVE_INTTYPES_H=1 -DHAVE_STDINT_H=1 -DHAVE_UNISTD_H=1 -DHAVE_FLOAT_H=1 -DHAVE_MALLOC_H=1 -DHAVE_STDINT_H=1 -DHAVE_STDLIB_H=1 -DHAVE_STRING_H=1 -DHAVE_UNISTD_H=1 -DHAVE_WCHAR_H=1 -DHAVE_LIBZ=1 -DHAVE_LIBPNG=1 -DHAVE_LIBJPEG=1 -DHAVE_LIBTIFF=1 -DHAVE_LIBIULIB=1 -DHAVE_LIBPTHREAD=1 -DHAVE_LIBTESSERACT_FULL=1 -DHAVE_LIBGSLCBLAS=1 -DHAVE_LIBGSL=1 -DHAVE_LIBSDL=1 -DHAVE_LIBGOMP=1 -DHAVE_FORK=1 -DHAVE_VFORK=1 -DHAVE_WORKING_VFORK=1 -DHAVE_WORKING_FORK=1 -DHAVE_DUP2=1 -DHAVE_MEMSET=1 -DHAVE_SQRT=1 -DHAVE_STRCHR=1 -DHAVE_STRDUP=1 -DHAVE_STRRCHR=1 -I.  -I./include -I./ocr-utils -I/usr/include -I/usr/include/tesseract  -I/usr/include/tesseract -DHAVE_TESSERACT   -march=native -O2 -pipe -ggdb -fopenmp -Wall -Wno-sign-compare -Wno-write-strings -Wno-deprecated -march=native -O2 -pipe -ggdb -fopenmp -MT voronoi-ocropus.o -MD -MP -MF .deps/voronoi-ocropus.Tpo -c -o voronoi-ocropus.o `test -f './ocr-voronoi/voronoi-ocropus.cc' || echo './'`./ocr-voronoi/voronoi-ocropus.cc
mv -f .deps/voronoi-ocropus.Tpo .deps/voronoi-ocropus.Po
x86_64-pc-linux-gnu-g++ -DPACKAGE_NAME=\"ocropus\" -DPACKAGE_TARNAME=\"ocropus\" -DPACKAGE_VERSION=\"0.3\" -DPACKAGE_STRING=\"ocropus\ 0.3\" -DPACKAGE_BUGREPORT=\"\" -DPACKAGE=\"ocropus\" -DVERSION=\"0.3\" -DSTDC_HEADERS=1 -DHAVE_SYS_WAIT_H=1 -DHAVE_SYS_TYPES_H=1 -DHAVE_SYS_STAT_H=1 -DHAVE_STDLIB_H=1 -DHAVE_STRING_H=1 -DHAVE_MEMORY_H=1 -DHAVE_STRINGS_H=1 -DHAVE_INTTYPES_H=1 -DHAVE_STDINT_H=1 -DHAVE_UNISTD_H=1 -DHAVE_FLOAT_H=1 -DHAVE_MALLOC_H=1 -DHAVE_STDINT_H=1 -DHAVE_STDLIB_H=1 -DHAVE_STRING_H=1 -DHAVE_UNISTD_H=1 -DHAVE_WCHAR_H=1 -DHAVE_LIBZ=1 -DHAVE_LIBPNG=1 -DHAVE_LIBJPEG=1 -DHAVE_LIBTIFF=1 -DHAVE_LIBIULIB=1 -DHAVE_LIBPTHREAD=1 -DHAVE_LIBTESSERACT_FULL=1 -DHAVE_LIBGSLCBLAS=1 -DHAVE_LIBGSL=1 -DHAVE_LIBSDL=1 -DHAVE_LIBGOMP=1 -DHAVE_FORK=1 -DHAVE_VFORK=1 -DHAVE_WORKING_VFORK=1 -DHAVE_WORKING_FORK=1 -DHAVE_DUP2=1 -DHAVE_MEMSET=1 -DHAVE_SQRT=1 -DHAVE_STRCHR=1 -DHAVE_STRDUP=1 -DHAVE_STRRCHR=1 -I.  -I./include -I./ocr-utils -I/usr/include -I/usr/include/tesseract  -I/usr/include/tesseract -DHAVE_TESSERACT   -march=native -O2 -pipe -ggdb -fopenmp -Wall -Wno-sign-compare -Wno-write-strings -Wno-deprecated -march=native -O2 -pipe -ggdb -fopenmp -MT ocr-commands.o -MD -MP -MF .deps/ocr-commands.Tpo -c -o ocr-commands.o `test -f './ocr-commands/ocr-commands.cc' || echo './'`./ocr-commands/ocr-commands.cc
In file included from ./include/glinerec.h:35,
                 from ./ocr-commands/ocr-commands.cc:36:
./ocr-utils/narray-binio.h: In function 'double narray_io::mconvert(FILE*, int)':
./ocr-utils/narray-binio.h:136: warning: dereferencing type-punned pointer will break strict-aliasing rules
./ocr-utils/narray-binio.h:140: warning: dereferencing type-punned pointer will break strict-aliasing rules
./ocr-utils/narray-binio.h:144: warning: dereferencing type-punned pointer will break strict-aliasing rules
./ocr-utils/narray-binio.h:148: warning: dereferencing type-punned pointer will break strict-aliasing rules
./ocr-commands/ocr-commands.cc: In function 'int ocropus::main_loadseg(int, char**)':
./ocr-commands/ocr-commands.cc:1046: warning: 'virtual void ocropus::IComponent::set(const char*, const char*)' is deprecated (declared at ./ocr-utils/components.h:250)
./ocr-commands/ocr-commands.cc: In function 'int ocropus::main_trainseg_or_saveseg(int, char**)':
./ocr-commands/ocr-commands.cc:1199: warning: 'virtual void ocropus::IComponent::set(const char*, const char*)' is deprecated (declared at ./ocr-utils/components.h:250)
mv -f .deps/ocr-commands.Tpo .deps/ocr-commands.Po
x86_64-pc-linux-gnu-g++ -DPACKAGE_NAME=\"ocropus\" -DPACKAGE_TARNAME=\"ocropus\" -DPACKAGE_VERSION=\"0.3\" -DPACKAGE_STRING=\"ocropus\ 0.3\" -DPACKAGE_BUGREPORT=\"\" -DPACKAGE=\"ocropus\" -DVERSION=\"0.3\" -DSTDC_HEADERS=1 -DHAVE_SYS_WAIT_H=1 -DHAVE_SYS_TYPES_H=1 -DHAVE_SYS_STAT_H=1 -DHAVE_STDLIB_H=1 -DHAVE_STRING_H=1 -DHAVE_MEMORY_H=1 -DHAVE_STRINGS_H=1 -DHAVE_INTTYPES_H=1 -DHAVE_STDINT_H=1 -DHAVE_UNISTD_H=1 -DHAVE_FLOAT_H=1 -DHAVE_MALLOC_H=1 -DHAVE_STDINT_H=1 -DHAVE_STDLIB_H=1 -DHAVE_STRING_H=1 -DHAVE_UNISTD_H=1 -DHAVE_WCHAR_H=1 -DHAVE_LIBZ=1 -DHAVE_LIBPNG=1 -DHAVE_LIBJPEG=1 -DHAVE_LIBTIFF=1 -DHAVE_LIBIULIB=1 -DHAVE_LIBPTHREAD=1 -DHAVE_LIBTESSERACT_FULL=1 -DHAVE_LIBGSLCBLAS=1 -DHAVE_LIBGSL=1 -DHAVE_LIBSDL=1 -DHAVE_LIBGOMP=1 -DHAVE_FORK=1 -DHAVE_VFORK=1 -DHAVE_WORKING_VFORK=1 -DHAVE_WORKING_FORK=1 -DHAVE_DUP2=1 -DHAVE_MEMSET=1 -DHAVE_SQRT=1 -DHAVE_STRCHR=1 -DHAVE_STRDUP=1 -DHAVE_STRRCHR=1 -I.  -I./include -I./ocr-utils -I/usr/include -I/usr/include/tesseract  -I/usr/include/tesseract -DHAVE_TESSERACT   -march=native -O2 -pipe -ggdb -fopenmp -Wall -Wno-sign-compare -Wno-write-strings -Wno-deprecated -march=native -O2 -pipe -ggdb -fopenmp -MT didegrade.o -MD -MP -MF .deps/didegrade.Tpo -c -o didegrade.o `test -f './ocr-utils/didegrade.cc' || echo './'`./ocr-utils/didegrade.cc
mv -f .deps/didegrade.Tpo .deps/didegrade.Po
x86_64-pc-linux-gnu-g++ -DPACKAGE_NAME=\"ocropus\" -DPACKAGE_TARNAME=\"ocropus\" -DPACKAGE_VERSION=\"0.3\" -DPACKAGE_STRING=\"ocropus\ 0.3\" -DPACKAGE_BUGREPORT=\"\" -DPACKAGE=\"ocropus\" -DVERSION=\"0.3\" -DSTDC_HEADERS=1 -DHAVE_SYS_WAIT_H=1 -DHAVE_SYS_TYPES_H=1 -DHAVE_SYS_STAT_H=1 -DHAVE_STDLIB_H=1 -DHAVE_STRING_H=1 -DHAVE_MEMORY_H=1 -DHAVE_STRINGS_H=1 -DHAVE_INTTYPES_H=1 -DHAVE_STDINT_H=1 -DHAVE_UNISTD_H=1 -DHAVE_FLOAT_H=1 -DHAVE_MALLOC_H=1 -DHAVE_STDINT_H=1 -DHAVE_STDLIB_H=1 -DHAVE_STRING_H=1 -DHAVE_UNISTD_H=1 -DHAVE_WCHAR_H=1 -DHAVE_LIBZ=1 -DHAVE_LIBPNG=1 -DHAVE_LIBJPEG=1 -DHAVE_LIBTIFF=1 -DHAVE_LIBIULIB=1 -DHAVE_LIBPTHREAD=1 -DHAVE_LIBTESSERACT_FULL=1 -DHAVE_LIBGSLCBLAS=1 -DHAVE_LIBGSL=1 -DHAVE_LIBSDL=1 -DHAVE_LIBGOMP=1 -DHAVE_FORK=1 -DHAVE_VFORK=1 -DHAVE_WORKING_VFORK=1 -DHAVE_WORKING_FORK=1 -DHAVE_DUP2=1 -DHAVE_MEMSET=1 -DHAVE_SQRT=1 -DHAVE_STRCHR=1 -DHAVE_STRDUP=1 -DHAVE_STRRCHR=1 -I.  -I./include -I./ocr-utils -I/usr/include -I/usr/include/tesseract  -I/usr/include/tesseract -DHAVE_TESSERACT   -march=native -O2 -pipe -ggdb -fopenmp -Wall -Wno-sign-compare -Wno-write-strings -Wno-deprecated -march=native -O2 -pipe -ggdb -fopenmp -MT grouper.o -MD -MP -MF .deps/grouper.Tpo -c -o grouper.o `test -f './ocr-utils/grouper.cc' || echo './'`./ocr-utils/grouper.cc
mv -f .deps/grouper.Tpo .deps/grouper.Po
x86_64-pc-linux-gnu-g++ -DPACKAGE_NAME=\"ocropus\" -DPACKAGE_TARNAME=\"ocropus\" -DPACKAGE_VERSION=\"0.3\" -DPACKAGE_STRING=\"ocropus\ 0.3\" -DPACKAGE_BUGREPORT=\"\" -DPACKAGE=\"ocropus\" -DVERSION=\"0.3\" -DSTDC_HEADERS=1 -DHAVE_SYS_WAIT_H=1 -DHAVE_SYS_TYPES_H=1 -DHAVE_SYS_STAT_H=1 -DHAVE_STDLIB_H=1 -DHAVE_STRING_H=1 -DHAVE_MEMORY_H=1 -DHAVE_STRINGS_H=1 -DHAVE_INTTYPES_H=1 -DHAVE_STDINT_H=1 -DHAVE_UNISTD_H=1 -DHAVE_FLOAT_H=1 -DHAVE_MALLOC_H=1 -DHAVE_STDINT_H=1 -DHAVE_STDLIB_H=1 -DHAVE_STRING_H=1 -DHAVE_UNISTD_H=1 -DHAVE_WCHAR_H=1 -DHAVE_LIBZ=1 -DHAVE_LIBPNG=1 -DHAVE_LIBJPEG=1 -DHAVE_LIBTIFF=1 -DHAVE_LIBIULIB=1 -DHAVE_LIBPTHREAD=1 -DHAVE_LIBTESSERACT_FULL=1 -DHAVE_LIBGSLCBLAS=1 -DHAVE_LIBGSL=1 -DHAVE_LIBSDL=1 -DHAVE_LIBGOMP=1 -DHAVE_FORK=1 -DHAVE_VFORK=1 -DHAVE_WORKING_VFORK=1 -DHAVE_WORKING_FORK=1 -DHAVE_DUP2=1 -DHAVE_MEMSET=1 -DHAVE_SQRT=1 -DHAVE_STRCHR=1 -DHAVE_STRDUP=1 -DHAVE_STRRCHR=1 -I.  -I./include -I./ocr-utils -I/usr/include -I/usr/include/tesseract  -I/usr/include/tesseract -DHAVE_TESSERACT   -march=native -O2 -pipe -ggdb -fopenmp -Wall -Wno-sign-compare -Wno-write-strings -Wno-deprecated -march=native -O2 -pipe -ggdb -fopenmp -MT narray-io.o -MD -MP -MF .deps/narray-io.Tpo -c -o narray-io.o `test -f './ocr-utils/narray-io.cc' || echo './'`./ocr-utils/narray-io.cc
./ocr-utils/narray-io.cc: In function 'void ocropus::text_read_1d(FILE*, colib::intarray&)':
./ocr-utils/narray-io.cc:48: warning: ignoring return value of 'int fscanf(FILE*, const char*, ...)', declared with attribute warn_unused_result
./ocr-utils/narray-io.cc: In function 'void ocropus::text_read_narray(FILE*, colib::narray<T>&, const char*) [with T = double]':
./ocr-utils/narray-io.cc:79:   instantiated from here
./ocr-utils/narray-io.cc:71: warning: ignoring return value of 'int fscanf(FILE*, const char*, ...)', declared with attribute warn_unused_result
./ocr-utils/narray-io.cc: In function 'void ocropus::text_read_narray(FILE*, colib::narray<T>&, const char*) [with T = float]':
./ocr-utils/narray-io.cc:80:   instantiated from here
./ocr-utils/narray-io.cc:71: warning: ignoring return value of 'int fscanf(FILE*, const char*, ...)', declared with attribute warn_unused_result
./ocr-utils/narray-io.cc: In function 'void ocropus::text_read_narray(FILE*, colib::narray<T>&, const char*) [with T = int]':
./ocr-utils/narray-io.cc:81:   instantiated from here
./ocr-utils/narray-io.cc:71: warning: ignoring return value of 'int fscanf(FILE*, const char*, ...)', declared with attribute warn_unused_result
mv -f .deps/narray-io.Tpo .deps/narray-io.Po
x86_64-pc-linux-gnu-g++ -DPACKAGE_NAME=\"ocropus\" -DPACKAGE_TARNAME=\"ocropus\" -DPACKAGE_VERSION=\"0.3\" -DPACKAGE_STRING=\"ocropus\ 0.3\" -DPACKAGE_BUGREPORT=\"\" -DPACKAGE=\"ocropus\" -DVERSION=\"0.3\" -DSTDC_HEADERS=1 -DHAVE_SYS_WAIT_H=1 -DHAVE_SYS_TYPES_H=1 -DHAVE_SYS_STAT_H=1 -DHAVE_STDLIB_H=1 -DHAVE_STRING_H=1 -DHAVE_MEMORY_H=1 -DHAVE_STRINGS_H=1 -DHAVE_INTTYPES_H=1 -DHAVE_STDINT_H=1 -DHAVE_UNISTD_H=1 -DHAVE_FLOAT_H=1 -DHAVE_MALLOC_H=1 -DHAVE_STDINT_H=1 -DHAVE_STDLIB_H=1 -DHAVE_STRING_H=1 -DHAVE_UNISTD_H=1 -DHAVE_WCHAR_H=1 -DHAVE_LIBZ=1 -DHAVE_LIBPNG=1 -DHAVE_LIBJPEG=1 -DHAVE_LIBTIFF=1 -DHAVE_LIBIULIB=1 -DHAVE_LIBPTHREAD=1 -DHAVE_LIBTESSERACT_FULL=1 -DHAVE_LIBGSLCBLAS=1 -DHAVE_LIBGSL=1 -DHAVE_LIBSDL=1 -DHAVE_LIBGOMP=1 -DHAVE_FORK=1 -DHAVE_VFORK=1 -DHAVE_WORKING_VFORK=1 -DHAVE_WORKING_FORK=1 -DHAVE_DUP2=1 -DHAVE_MEMSET=1 -DHAVE_SQRT=1 -DHAVE_STRCHR=1 -DHAVE_STRDUP=1 -DHAVE_STRRCHR=1 -I.  -I./include -I./ocr-utils -I/usr/include -I/usr/include/tesseract  -I/usr/include/tesseract -DHAVE_TESSERACT   -march=native -O2 -pipe -ggdb -fopenmp -Wall -Wno-sign-compare -Wno-write-strings -Wno-deprecated -march=native -O2 -pipe -ggdb -fopenmp -MT ocr-utils.o -MD -MP -MF .deps/ocr-utils.Tpo -c -o ocr-utils.o `test -f './ocr-utils/ocr-utils.cc' || echo './'`./ocr-utils/ocr-utils.cc
mv -f .deps/ocr-utils.Tpo .deps/ocr-utils.Po
x86_64-pc-linux-gnu-g++ -DPACKAGE_NAME=\"ocropus\" -DPACKAGE_TARNAME=\"ocropus\" -DPACKAGE_VERSION=\"0.3\" -DPACKAGE_STRING=\"ocropus\ 0.3\" -DPACKAGE_BUGREPORT=\"\" -DPACKAGE=\"ocropus\" -DVERSION=\"0.3\" -DSTDC_HEADERS=1 -DHAVE_SYS_WAIT_H=1 -DHAVE_SYS_TYPES_H=1 -DHAVE_SYS_STAT_H=1 -DHAVE_STDLIB_H=1 -DHAVE_STRING_H=1 -DHAVE_MEMORY_H=1 -DHAVE_STRINGS_H=1 -DHAVE_INTTYPES_H=1 -DHAVE_STDINT_H=1 -DHAVE_UNISTD_H=1 -DHAVE_FLOAT_H=1 -DHAVE_MALLOC_H=1 -DHAVE_STDINT_H=1 -DHAVE_STDLIB_H=1 -DHAVE_STRING_H=1 -DHAVE_UNISTD_H=1 -DHAVE_WCHAR_H=1 -DHAVE_LIBZ=1 -DHAVE_LIBPNG=1 -DHAVE_LIBJPEG=1 -DHAVE_LIBTIFF=1 -DHAVE_LIBIULIB=1 -DHAVE_LIBPTHREAD=1 -DHAVE_LIBTESSERACT_FULL=1 -DHAVE_LIBGSLCBLAS=1 -DHAVE_LIBGSL=1 -DHAVE_LIBSDL=1 -DHAVE_LIBGOMP=1 -DHAVE_FORK=1 -DHAVE_VFORK=1 -DHAVE_WORKING_VFORK=1 -DHAVE_WORKING_FORK=1 -DHAVE_DUP2=1 -DHAVE_MEMSET=1 -DHAVE_SQRT=1 -DHAVE_STRCHR=1 -DHAVE_STRDUP=1 -DHAVE_STRRCHR=1 -I.  -I./include -I./ocr-utils -I/usr/include -I/usr/include/tesseract  -I/usr/include/tesseract -DHAVE_TESSERACT   -march=native -O2 -pipe -ggdb -fopenmp -Wall -Wno-sign-compare -Wno-write-strings -Wno-deprecated -march=native -O2 -pipe -ggdb -fopenmp -MT xml-entities.o -MD -MP -MF .deps/xml-entities.Tpo -c -o xml-entities.o `test -f './ocr-utils/xml-entities.cc' || echo './'`./ocr-utils/xml-entities.cc
./ocr-utils/xml-entities.cc: In function 'void ocropus::xml_unescape(colib::nustring&, const char*)':
./ocr-utils/xml-entities.cc:119: error: invalid conversion from 'const char*' to 'char*'
make[1]: *** [xml-entities.o] Error 1
make[1]: Leaving directory `/var/tmp/paludis/app-text-ocropus-0.4/work/ocropus-0.4'
make: *** [all-recursive] Error 1
/usr/libexec/paludis/utils/emake: emake returned error 2

!!! ERROR in app-text/ocropus-0.4:
!!! In src_compile at line 4084
!!! (no message provided)

!!! Call stack:
!!!    * src_compile (/var/tmp/paludis/app-text-ocropus-0.4/temp/loadsaveenv:4084)
!!!    * ebuild_f_compile (/usr/libexec/paludis/0/src_compile.bash:51)
!!!    * ebuild_main (/usr/libexec/paludis/ebuild.bash:575)
!!!    * main (/usr/libexec/paludis/ebuild.bash:591)

diefunc: making ebuild PID 5364 exit with error
die trap: exiting with error.

Install error:
  * In program paludis (--continue-on-failure if-satisfied --log-level warning) -i ocropus:
  * When performing install action from command line:
  * When executing install task:
  * When installing 'app-text/ocropus-0.4:0::myoverlay':
  * When running an ebuild command on 'app-text/ocropus-0.4:0::myoverlay':
  * Install error: Install failed for 'app-text/ocropus-0.4:0::myoverlay'


