***** gr-lida-stardelegate.patch *****

======================================

PATCH COMMAND:	 patch -p0 -g0 -E --no-backup-if-mismatch < /usr/local/portage/games-emulation/gr-lida/files/gr-lida-stardelegate.patch

======================================
can't find file to patch at input line 4
Perhaps you used the wrong -p or --strip option?
The text leading up to this was:
--------------------------
|diff -r b70cf37e0eb6 -r f32ba03fa5a2 src/grlida.cpp
|--- a/src/grlida.cpp	Tue Oct 28 20:58:48 2008 +0100
|+++ b/src/grlida.cpp	Fri Nov 07 17:25:00 2008 +0100
--------------------------
No file to patch.  Skipping patch.
1 out of 1 hunk ignored
can't find file to patch at input line 16
Perhaps you used the wrong -p or --strip option?
The text leading up to this was:
--------------------------
|diff -r b70cf37e0eb6 -r f32ba03fa5a2 src/stardelegate.cpp
|--- a/src/stardelegate.cpp	Tue Oct 28 20:58:48 2008 +0100
|+++ b/src/stardelegate.cpp	Fri Nov 07 17:25:00 2008 +0100
--------------------------
No file to patch.  Skipping patch.
2 out of 2 hunks ignored
can't find file to patch at input line 35
Perhaps you used the wrong -p or --strip option?
The text leading up to this was:
--------------------------
|diff -r b70cf37e0eb6 -r f32ba03fa5a2 src/stardelegate.h
|--- a/src/stardelegate.h	Tue Oct 28 20:58:48 2008 +0100
|+++ b/src/stardelegate.h	Fri Nov 07 17:25:00 2008 +0100
--------------------------
No file to patch.  Skipping patch.
2 out of 2 hunks ignored
======================================

PATCH COMMAND:	 patch -p1 -g0 -E --no-backup-if-mismatch < /usr/local/portage/games-emulation/gr-lida/files/gr-lida-stardelegate.patch

======================================
can't find file to patch at input line 4
Perhaps you used the wrong -p or --strip option?
The text leading up to this was:
--------------------------
|diff -r b70cf37e0eb6 -r f32ba03fa5a2 src/grlida.cpp
|--- a/src/grlida.cpp	Tue Oct 28 20:58:48 2008 +0100
|+++ b/src/grlida.cpp	Fri Nov 07 17:25:00 2008 +0100
--------------------------
No file to patch.  Skipping patch.
1 out of 1 hunk ignored
can't find file to patch at input line 16
Perhaps you used the wrong -p or --strip option?
The text leading up to this was:
--------------------------
|diff -r b70cf37e0eb6 -r f32ba03fa5a2 src/stardelegate.cpp
|--- a/src/stardelegate.cpp	Tue Oct 28 20:58:48 2008 +0100
|+++ b/src/stardelegate.cpp	Fri Nov 07 17:25:00 2008 +0100
--------------------------
No file to patch.  Skipping patch.
2 out of 2 hunks ignored
can't find file to patch at input line 35
Perhaps you used the wrong -p or --strip option?
The text leading up to this was:
--------------------------
|diff -r b70cf37e0eb6 -r f32ba03fa5a2 src/stardelegate.h
|--- a/src/stardelegate.h	Tue Oct 28 20:58:48 2008 +0100
|+++ b/src/stardelegate.h	Fri Nov 07 17:25:00 2008 +0100
--------------------------
No file to patch.  Skipping patch.
2 out of 2 hunks ignored
======================================

PATCH COMMAND:	 patch -p2 -g0 -E --no-backup-if-mismatch < /usr/local/portage/games-emulation/gr-lida/files/gr-lida-stardelegate.patch

======================================
can't find file to patch at input line 4
Perhaps you used the wrong -p or --strip option?
The text leading up to this was:
--------------------------
|diff -r b70cf37e0eb6 -r f32ba03fa5a2 src/grlida.cpp
|--- a/src/grlida.cpp	Tue Oct 28 20:58:48 2008 +0100
|+++ b/src/grlida.cpp	Fri Nov 07 17:25:00 2008 +0100
--------------------------
No file to patch.  Skipping patch.
1 out of 1 hunk ignored
can't find file to patch at input line 16
Perhaps you used the wrong -p or --strip option?
The text leading up to this was:
--------------------------
|diff -r b70cf37e0eb6 -r f32ba03fa5a2 src/stardelegate.cpp
|--- a/src/stardelegate.cpp	Tue Oct 28 20:58:48 2008 +0100
|+++ b/src/stardelegate.cpp	Fri Nov 07 17:25:00 2008 +0100
--------------------------
No file to patch.  Skipping patch.
2 out of 2 hunks ignored
can't find file to patch at input line 35
Perhaps you used the wrong -p or --strip option?
The text leading up to this was:
--------------------------
|diff -r b70cf37e0eb6 -r f32ba03fa5a2 src/stardelegate.h
|--- a/src/stardelegate.h	Tue Oct 28 20:58:48 2008 +0100
|+++ b/src/stardelegate.h	Fri Nov 07 17:25:00 2008 +0100
--------------------------
No file to patch.  Skipping patch.
2 out of 2 hunks ignored
======================================

PATCH COMMAND:	 patch -p3 -g0 -E --no-backup-if-mismatch < /usr/local/portage/games-emulation/gr-lida/files/gr-lida-stardelegate.patch

======================================
missing header for unified diff at line 4 of patch
can't find file to patch at input line 4
Perhaps you used the wrong -p or --strip option?
The text leading up to this was:
--------------------------
|diff -r b70cf37e0eb6 -r f32ba03fa5a2 src/grlida.cpp
|--- a/src/grlida.cpp	Tue Oct 28 20:58:48 2008 +0100
|+++ b/src/grlida.cpp	Fri Nov 07 17:25:00 2008 +0100
--------------------------
No file to patch.  Skipping patch.
1 out of 1 hunk ignored
missing header for unified diff at line 16 of patch
can't find file to patch at input line 16
Perhaps you used the wrong -p or --strip option?
The text leading up to this was:
--------------------------
|diff -r b70cf37e0eb6 -r f32ba03fa5a2 src/stardelegate.cpp
|--- a/src/stardelegate.cpp	Tue Oct 28 20:58:48 2008 +0100
|+++ b/src/stardelegate.cpp	Fri Nov 07 17:25:00 2008 +0100
--------------------------
No file to patch.  Skipping patch.
2 out of 2 hunks ignored
missing header for unified diff at line 35 of patch
can't find file to patch at input line 35
Perhaps you used the wrong -p or --strip option?
The text leading up to this was:
--------------------------
|diff -r b70cf37e0eb6 -r f32ba03fa5a2 src/stardelegate.h
|--- a/src/stardelegate.h	Tue Oct 28 20:58:48 2008 +0100
|+++ b/src/stardelegate.h	Fri Nov 07 17:25:00 2008 +0100
--------------------------
No file to patch.  Skipping patch.
2 out of 2 hunks ignored
======================================

PATCH COMMAND:	 patch -p4 -g0 -E --no-backup-if-mismatch < /usr/local/portage/games-emulation/gr-lida/files/gr-lida-stardelegate.patch

======================================
missing header for unified diff at line 4 of patch
can't find file to patch at input line 4
Perhaps you used the wrong -p or --strip option?
The text leading up to this was:
--------------------------
|diff -r b70cf37e0eb6 -r f32ba03fa5a2 src/grlida.cpp
|--- a/src/grlida.cpp	Tue Oct 28 20:58:48 2008 +0100
|+++ b/src/grlida.cpp	Fri Nov 07 17:25:00 2008 +0100
--------------------------
No file to patch.  Skipping patch.
1 out of 1 hunk ignored
missing header for unified diff at line 16 of patch
can't find file to patch at input line 16
Perhaps you used the wrong -p or --strip option?
The text leading up to this was:
--------------------------
|diff -r b70cf37e0eb6 -r f32ba03fa5a2 src/stardelegate.cpp
|--- a/src/stardelegate.cpp	Tue Oct 28 20:58:48 2008 +0100
|+++ b/src/stardelegate.cpp	Fri Nov 07 17:25:00 2008 +0100
--------------------------
No file to patch.  Skipping patch.
2 out of 2 hunks ignored
missing header for unified diff at line 35 of patch
can't find file to patch at input line 35
Perhaps you used the wrong -p or --strip option?
The text leading up to this was:
--------------------------
|diff -r b70cf37e0eb6 -r f32ba03fa5a2 src/stardelegate.h
|--- a/src/stardelegate.h	Tue Oct 28 20:58:48 2008 +0100
|+++ b/src/stardelegate.h	Fri Nov 07 17:25:00 2008 +0100
--------------------------
No file to patch.  Skipping patch.
2 out of 2 hunks ignored
